

Microchip Technology PIC18 LITE Macro Assembler V1.41 build -162212810 
                                                                                               Tue Jul 18 16:07:52 2017

Microchip Technology Omniscient Code Generator v1.41 (Free mode) build 201701250102
     1                           	processor	18F45K50
     2                           	fnconf	rparam,??,?,0
     3                           	opt	pw 120
     4                           	opt	lm
     5                           	psect	cinit,global,reloc=2,class=CODE,delta=1
     6                           	psect	bssCOMRAM,global,class=COMRAM,space=1,delta=1,noexec
     7                           	psect	cstackCOMRAM,global,class=COMRAM,space=1,delta=1,noexec
     8                           	psect	text0,global,reloc=2,class=CODE,delta=1
     9                           	psect	text1,global,reloc=2,class=CODE,delta=1
    10                           	psect	text2,global,reloc=2,class=CODE,delta=1
    11                           	psect	text3,global,reloc=2,class=CODE,delta=1
    12                           	psect	text4,global,reloc=2,class=CODE,delta=1
    13                           	psect	text5,global,reloc=2,class=CODE,delta=1
    14                           	psect	text6,global,reloc=2,class=CODE,delta=1
    15                           	psect	text7,global,reloc=2,class=CODE,delta=1
    16                           	psect	text8,global,reloc=2,class=CODE,delta=1
    17                           	psect	text9,global,reloc=2,class=CODE,delta=1
    18                           	psect	intcode,global,reloc=2,class=CODE,delta=1
    19                           	psect	text11,global,reloc=2,class=CODE,delta=1
    20                           	psect	text12,global,reloc=2,class=CODE,delta=1
    21                           	psect	intsave_regs,global,class=BIGRAM,space=1,delta=1,noexec
    22                           	psect	rparam,global,class=COMRAM,space=1,delta=1,noexec
    23                           	psect	temp,global,ovrld,common,class=COMRAM,space=1,delta=1
    24  0000                     
    25                           ; Version 1.41
    26                           ; Generated 25/01/2017 GMT
    27                           ; 
    28                           ; Copyright © 2017, Microchip Technology Inc. and its subsidiaries ("Microchip")
    29                           ; All rights reserved.
    30                           ; 
    31                           ; This software is developed by Microchip Technology Inc. and its subsidiaries ("Microch
      +                          ip").
    32                           ; 
    33                           ; Redistribution and use in source and binary forms, with or without modification, are
    34                           ; permitted provided that the following conditions are met:
    35                           ; 
    36                           ;     1. Redistributions of source code must retain the above copyright notice, this lis
      +                          t of
    37                           ;        conditions and the following disclaimer.
    38                           ; 
    39                           ;     2. Redistributions in binary form must reproduce the above copyright notice, this 
      +                          list
    40                           ;        of conditions and the following disclaimer in the documentation and/or other
    41                           ;        materials provided with the distribution.
    42                           ; 
    43                           ;     3. Microchip's name may not be used to endorse or promote products derived from th
      +                          is
    44                           ;        software without specific prior written permission.
    45                           ; 
    46                           ; THIS SOFTWARE IS PROVIDED BY MICROCHIP "AS IS" AND ANY EXPRESS OR IMPLIED WARRANTIES,
    47                           ; INCLUDING, BUT NOT LIMITED TO, THE IMPLIED WARRANTIES OF MERCHANTABILITY AND FITNESS F
      +                          OR
    48                           ; PURPOSE ARE DISCLAIMED.  IN NO EVENT SHALL MICROCHIP BE LIABLE FOR ANY DIRECT, INDIREC
      +                          T,
    49                           ; INCIDENTAL, SPECIAL, EXEMPLARY, OR CONSEQUENTIAL DAMAGES (INCLUDING BUT NOT LIMITED TO
    50                           ; PROCUREMENT OF SUBSTITUTE GOODS OR SERVICES; LOSS OF USE, DATA OR PROFITS; OR BUSINESS
    51                           ; INTERRUPTION) HOWSOEVER CAUSED AND ON ANY THEORY OF LIABILITY, WHETHER IN CONTRACT, ST
      +                          RICT
    52                           ; LIABILITY, OR TORT (INCLUDING NEGLIGENCE OR OTHERWISE) ARISING IN ANY WAY OUT OF THE U
      +                          SE OF
    53                           ; THIS SOFTWARE, EVEN IF ADVISED OF THE POSSIBILITY OF SUCH DAMAGE.
    54                           ; 
    55                           ; 
    56                           ; Code-generator required, PIC18F45K50 Definitions
    57                           ; 
    58                           ; SFR Addresses
    59  0000                     _ANSELBbits	set	3932
    60  0000                     _ANSELA	set	3931
    61  0000                     _ANSELE	set	3935
    62  0000                     _ANSELD	set	3934
    63  0000                     _ANSELB	set	3932
    64  0000                     _ANSELC	set	3933
    65  0000                     _PIR1bits	set	3998
    66  0000                     _SSP1BUF	set	4041
    67  0000                     _SSP1STATbits	set	4039
    68  0000                     _TRISCbits	set	3988
    69  0000                     _TRISAbits	set	3986
    70  0000                     _TRISBbits	set	3987
    71  0000                     _SSP1CON1bits	set	4038
    72  0000                     _LATBbits	set	3978
    73  0000                     _INTCON3bits	set	4080
    74  0000                     _INTCONbits	set	4082
    75  0000                     _PORTBbits	set	3969
    76  0000                     _PORTB	set	3969
    77  0000                     _INTCON2bits	set	4081
    78  0000                     _WPUB	set	3973
    79  0000                     _TRISD	set	3989
    80  0000                     _TRISC	set	3988
    81  0000                     _TRISB	set	3987
    82  0000                     _TRISA	set	3986
    83  0000                     _TRISE	set	3990
    84  0000                     _LATC	set	3979
    85  0000                     _LATB	set	3978
    86  0000                     _LATA	set	3977
    87  0000                     _LATD	set	3980
    88  0000                     _LATE	set	3981
    89  0000                     _ACTCON	set	4021
    90  0000                     _OSCTUNE	set	3995
    91  0000                     _OSCCON2	set	4050
    92  0000                     _OSCCON	set	4051
    93  0000                     _ADCON0bits	set	4034
    94  0000                     _ADRESH	set	4036
    95  0000                     _ADRESL	set	4035
    96  0000                     _ADCON2	set	4032
    97  0000                     _ADCON1	set	4033
    98  0000                     _ADCON0	set	4034
    99                           
   100                           ; #config settings
   101  0000                     
   102                           	psect	cinit
   103  00024A                     __pcinit:
   104                           	opt stack 0
   105  00024A                     start_initialization:
   106                           	opt stack 0
   107  00024A                     __initialization:
   108                           	opt stack 0
   109                           
   110                           ; Clear objects allocated to COMRAM (1 bytes)
   111  00024A  6A3E               	clrf	__pbssCOMRAM& (0+255),c
   112  00024C                     end_of_initialization:
   113                           	opt stack 0
   114  00024C                     __end_of__initialization:
   115                           	opt stack 0
   116  00024C  903F               	bcf	int$flags,0,c	;clear compiler interrupt flag (level 1)
   117  00024E  923F               	bcf	int$flags,1,c	;clear compiler interrupt flag (level 2)
   118  000250  0E00               	movlw	low (__Lmediumconst shr (0+16))
   119  000252  6EF8               	movwf	tblptru,c
   120  000254  0100               	movlb	0
   121  000256  EF67  F000         	goto	_main	;jump to C main() function
   122                           tblptru	equ	0xFF8
   123                           
   124                           	psect	bssCOMRAM
   125  00003E                     __pbssCOMRAM:
   126                           	opt stack 0
   127  00003E                     _PTX:
   128                           	opt stack 0
   129  00003E                     	ds	1
   130                           tblptru	equ	0xFF8
   131                           
   132                           	psect	cstackCOMRAM
   133  000001                     __pcstackCOMRAM:
   134                           	opt stack 0
   135  000001                     i2spi_fast_shift@data:
   136                           	opt stack 0
   137                           
   138                           ; 1 bytes @ 0x0
   139  000001                     	ds	1
   140  000002                     i2wl_module_config_register@value:
   141                           	opt stack 0
   142                           
   143                           ; 1 bytes @ 0x1
   144  000002                     	ds	1
   145  000003                     i2wl_module_config_register@reg:
   146                           	opt stack 0
   147                           
   148                           ; 1 bytes @ 0x2
   149  000003                     	ds	1
   150  000004                     ??_ISR:
   151                           
   152                           ; 1 bytes @ 0x3
   153  000004                     	ds	14
   154  000012                     ISR@status:
   155                           	opt stack 0
   156                           
   157                           ; 1 bytes @ 0x11
   158  000012                     	ds	1
   159  000013                     spi_fast_shift@data:
   160                           	opt stack 0
   161  000013                     __delay_10ms@length:
   162                           	opt stack 0
   163  000013                     spi_transfer_sync@dataout:
   164                           	opt stack 0
   165                           
   166                           ; 2 bytes @ 0x12
   167  000013                     	ds	1
   168  000014                     wl_module_data_ready@status:
   169                           	opt stack 0
   170  000014                     wl_module_config_register@value:
   171                           	opt stack 0
   172                           
   173                           ; 1 bytes @ 0x13
   174  000014                     	ds	1
   175  000015                     ??__delay_10ms:
   176  000015                     wl_module_config_register@reg:
   177                           	opt stack 0
   178  000015                     spi_transfer_sync@datain:
   179                           	opt stack 0
   180                           
   181                           ; 2 bytes @ 0x14
   182  000015                     	ds	1
   183  000016                     
   184                           ; 1 bytes @ 0x15
   185  000016                     	ds	1
   186  000017                     spi_transfer_sync@length:
   187                           	opt stack 0
   188                           
   189                           ; 2 bytes @ 0x16
   190  000017                     	ds	2
   191  000019                     wl_module_get_data@data:
   192                           	opt stack 0
   193                           
   194                           ; 2 bytes @ 0x18
   195  000019                     	ds	2
   196  00001B                     wl_module_get_data@status:
   197                           	opt stack 0
   198                           
   199                           ; 1 bytes @ 0x1A
   200  00001B                     	ds	1
   201  00001C                     main@payload:
   202                           	opt stack 0
   203                           
   204                           ; 32 bytes @ 0x1B
   205  00001C                     	ds	32
   206  00003C                     main@nRF_status:
   207                           	opt stack 0
   208                           
   209                           ; 1 bytes @ 0x3B
   210  00003C                     	ds	1
   211  00003D                     main@data:
   212                           	opt stack 0
   213                           
   214                           ; 1 bytes @ 0x3C
   215  00003D                     	ds	1
   216                           tblptru	equ	0xFF8
   217                           
   218 ;;
   219 ;;Main: autosize = 0, tempsize = 0, incstack = 0, save=0
   220 ;;
   221 ;; *************** function _main *****************
   222 ;; Defined at:
   223 ;;		line 41 in file "main.c"
   224 ;; Parameters:    Size  Location     Type
   225 ;;		None
   226 ;; Auto vars:     Size  Location     Type
   227 ;;  payload        32   27[COMRAM] unsigned char [32]
   228 ;;  data            1   60[COMRAM] unsigned char 
   229 ;;  nRF_status      1   59[COMRAM] unsigned char 
   230 ;; Return value:  Size  Location     Type
   231 ;;                  2  161[None  ] int 
   232 ;; Registers used:
   233 ;;		wreg, fsr2l, fsr2h, status,2, status,0, cstack
   234 ;; Tracked objects:
   235 ;;		On entry : 0/0
   236 ;;		On exit  : 0/0
   237 ;;		Unchanged: 0/0
   238 ;; Data sizes:     COMRAM   BANK0   BANK1   BANK2   BANK3   BANK4   BANK5   BANK6   BANK7
   239 ;;      Params:         0       0       0       0       0       0       0       0       0
   240 ;;      Locals:        34       0       0       0       0       0       0       0       0
   241 ;;      Temps:          0       0       0       0       0       0       0       0       0
   242 ;;      Totals:        34       0       0       0       0       0       0       0       0
   243 ;;Total ram usage:       34 bytes
   244 ;; Hardware stack levels required when called:    6
   245 ;; This function calls:
   246 ;;		__delay_10ms
   247 ;;		_wl_module_config
   248 ;;		_wl_module_data_ready
   249 ;;		_wl_module_get_data
   250 ;;		_wl_module_init
   251 ;; This function is called by:
   252 ;;		Startup code after reset
   253 ;; This function uses a non-reentrant model
   254 ;;
   255                           
   256                           	psect	text0
   257  0000CE                     __ptext0:
   258                           	opt stack 0
   259  0000CE                     _main:
   260                           	opt stack 25
   261                           
   262                           ;main.c: 42: unsigned char payload[32];
   263                           ;main.c: 43: unsigned char nRF_status;
   264                           ;main.c: 44: unsigned char data =0;
   265                           
   266                           ;incstack = 0
   267  0000CE  0E00               	movlw	0
   268  0000D0  6E3D               	movwf	main@data,c
   269                           
   270                           ;main.c: 45: wl_module_init();
   271  0000D2  EC01  F001         	call	_wl_module_init	;wreg free
   272                           
   273                           ;main.c: 46: _delay_10ms(5);
   274  0000D6  0E00               	movlw	0
   275  0000D8  6E14               	movwf	__delay_10ms@length+1,c
   276  0000DA  0E05               	movlw	5
   277  0000DC  6E13               	movwf	__delay_10ms@length,c
   278  0000DE  ECE3  F000         	call	__delay_10ms	;wreg free
   279                           
   280                           ;main.c: 48: INTCONbits.PEIE =1;
   281  0000E2  8CF2               	bsf	intcon,6,c	;volatile
   282                           
   283                           ;main.c: 49: INTCONbits.GIE =1;
   284  0000E4  8EF2               	bsf	intcon,7,c	;volatile
   285                           
   286                           ;main.c: 51: wl_module_config();
   287  0000E6  ECBB  F000         	call	_wl_module_config	;wreg free
   288  0000EA                     l1534:
   289  0000EA  ECF3  F000         	call	_wl_module_data_ready	;wreg free
   290  0000EE  0900               	iorlw	0
   291  0000F0  B4D8               	btfsc	status,2,c
   292  0000F2  D7FB               	goto	l1534
   293                           
   294                           ;main.c: 59: nRF_status = wl_module_get_data(payload);
   295  0000F4  0E1C               	movlw	low main@payload
   296  0000F6  6E19               	movwf	wl_module_get_data@data,c
   297  0000F8  0E00               	movlw	high main@payload
   298  0000FA  6E1A               	movwf	wl_module_get_data@data+1,c
   299  0000FC  ECA0  F000         	call	_wl_module_get_data	;wreg free
   300  000100  6E3C               	movwf	main@nRF_status,c
   301                           
   302                           ;main.c: 60: data =payload[0];
   303  000102  C01C  F03D         	movff	main@payload,main@data
   304  000106  D7F1               	goto	l1534
   305  000108                     __end_of_main:
   306                           	opt stack 0
   307                           tblptru	equ	0xFF8
   308                           intcon	equ	0xFF2
   309                           status	equ	0xFD8
   310                           
   311 ;; *************** function _wl_module_init *****************
   312 ;; Defined at:
   313 ;;		line 23 in file "wl_module.c"
   314 ;; Parameters:    Size  Location     Type
   315 ;;		None
   316 ;; Auto vars:     Size  Location     Type
   317 ;;		None
   318 ;; Return value:  Size  Location     Type
   319 ;;                  1    wreg      void 
   320 ;; Registers used:
   321 ;;		cstack
   322 ;; Tracked objects:
   323 ;;		On entry : 0/0
   324 ;;		On exit  : 0/0
   325 ;;		Unchanged: 0/0
   326 ;; Data sizes:     COMRAM   BANK0   BANK1   BANK2   BANK3   BANK4   BANK5   BANK6   BANK7
   327 ;;      Params:         0       0       0       0       0       0       0       0       0
   328 ;;      Locals:         0       0       0       0       0       0       0       0       0
   329 ;;      Temps:          0       0       0       0       0       0       0       0       0
   330 ;;      Totals:         0       0       0       0       0       0       0       0       0
   331 ;;Total ram usage:        0 bytes
   332 ;; Hardware stack levels used:    1
   333 ;; Hardware stack levels required when called:    4
   334 ;; This function calls:
   335 ;;		_spi_init
   336 ;; This function is called by:
   337 ;;		_main
   338 ;; This function uses a non-reentrant model
   339 ;;
   340                           
   341                           	psect	text1
   342  000202                     __ptext1:
   343                           	opt stack 0
   344  000202                     _wl_module_init:
   345                           	opt stack 26
   346                           
   347                           ;wl_module.c: 28: TRISBbits.TRISB4 = 0;
   348                           
   349                           ;incstack = 0
   350  000202  9893               	bcf	3987,4,c	;volatile
   351                           
   352                           ;wl_module.c: 29: TRISBbits.TRISB3 = 0;
   353  000204  9693               	bcf	3987,3,c	;volatile
   354                           
   355                           ;wl_module.c: 30: LATBbits.LATB3 = 0;;
   356  000206  968A               	bcf	3978,3,c	;volatile
   357                           
   358                           ;wl_module.c: 31: LATBbits.LATB4 = 1;;
   359  000208  888A               	bsf	3978,4,c	;volatile
   360                           
   361                           ;wl_module.c: 34: ANSELBbits.ANSB2 = 0;
   362  00020A  010F               	movlb	15	; () banked
   363  00020C  955C               	bcf	92,2,b	;volatile
   364                           
   365                           ;wl_module.c: 35: TRISBbits.TRISB2 = 1;
   366  00020E  8493               	bsf	3987,2,c	;volatile
   367                           
   368                           ;wl_module.c: 36: INTCON2bits.INTEDG2 = 0;
   369  000210  98F1               	bcf	intcon2,4,c	;volatile
   370                           
   371                           ;wl_module.c: 37: INTCON3bits.INT2IE = 1;
   372  000212  88F0               	bsf	intcon3,4,c	;volatile
   373                           
   374                           ; BSR set to: 15
   375                           ;wl_module.c: 40: spi_init();
   376  000214  ECD3  F000         	call	_spi_init	;wreg free
   377  000218  0012               	return		;funcret
   378  00021A                     __end_of_wl_module_init:
   379                           	opt stack 0
   380                           tblptru	equ	0xFF8
   381                           intcon	equ	0xFF2
   382                           intcon2	equ	0xFF1
   383                           intcon3	equ	0xFF0
   384                           status	equ	0xFD8
   385                           
   386 ;; *************** function _spi_init *****************
   387 ;; Defined at:
   388 ;;		line 12 in file "spi.c"
   389 ;; Parameters:    Size  Location     Type
   390 ;;		None
   391 ;; Auto vars:     Size  Location     Type
   392 ;;		None
   393 ;; Return value:  Size  Location     Type
   394 ;;                  1    wreg      void 
   395 ;; Registers used:
   396 ;;		None
   397 ;; Tracked objects:
   398 ;;		On entry : 0/0
   399 ;;		On exit  : 0/0
   400 ;;		Unchanged: 0/0
   401 ;; Data sizes:     COMRAM   BANK0   BANK1   BANK2   BANK3   BANK4   BANK5   BANK6   BANK7
   402 ;;      Params:         0       0       0       0       0       0       0       0       0
   403 ;;      Locals:         0       0       0       0       0       0       0       0       0
   404 ;;      Temps:          0       0       0       0       0       0       0       0       0
   405 ;;      Totals:         0       0       0       0       0       0       0       0       0
   406 ;;Total ram usage:        0 bytes
   407 ;; Hardware stack levels used:    1
   408 ;; Hardware stack levels required when called:    3
   409 ;; This function calls:
   410 ;;		Nothing
   411 ;; This function is called by:
   412 ;;		_wl_module_init
   413 ;; This function uses a non-reentrant model
   414 ;;
   415                           
   416                           	psect	text2
   417  0001A6                     __ptext2:
   418                           	opt stack 0
   419  0001A6                     _spi_init:
   420                           	opt stack 26
   421                           
   422                           ;spi.c: 14: SSP1CON1bits.SSPEN = 0;
   423                           
   424                           ;incstack = 0
   425  0001A6  9AC6               	bcf	4038,5,c	;volatile
   426                           
   427                           ;spi.c: 16: TRISBbits.TRISB0 = 1;
   428  0001A8  8093               	bsf	3987,0,c	;volatile
   429                           
   430                           ;spi.c: 19: ANSELBbits.ANSB0 =0;
   431  0001AA  010F               	movlb	15	; () banked
   432  0001AC  915C               	bcf	92,0,b	;volatile
   433                           
   434                           ;spi.c: 21: TRISAbits.TRISA5 = 1;
   435  0001AE  8A92               	bsf	3986,5,c	;volatile
   436                           
   437                           ;spi.c: 25: TRISCbits.TRISC7 = 0;
   438  0001B0  9E94               	bcf	3988,7,c	;volatile
   439                           
   440                           ;spi.c: 27: TRISCbits.TRISC6 = 0;
   441  0001B2  9C94               	bcf	3988,6,c	;volatile
   442                           
   443                           ;spi.c: 31: SSP1CON1bits.CKP = 0;
   444  0001B4  98C6               	bcf	4038,4,c	;volatile
   445                           
   446                           ;spi.c: 32: SSP1STATbits.CKE = 1;
   447  0001B6  8CC7               	bsf	4039,6,c	;volatile
   448                           
   449                           ;spi.c: 33: SSP1STATbits.SMP = 1;
   450  0001B8  8EC7               	bsf	4039,7,c	;volatile
   451                           
   452                           ;spi.c: 34: SSP1CON1bits.SSPM = 0;
   453  0001BA  90C6               	bcf	4038,0,c	;volatile
   454  0001BC  92C6               	bcf	4038,1,c	;volatile
   455  0001BE  94C6               	bcf	4038,2,c	;volatile
   456  0001C0  96C6               	bcf	4038,3,c	;volatile
   457                           
   458                           ;spi.c: 35: SSP1CON1bits.SSPEN = 1;
   459  0001C2  8AC6               	bsf	4038,5,c	;volatile
   460                           
   461                           ; BSR set to: 15
   462  0001C4  0012               	return		;funcret
   463  0001C6                     __end_of_spi_init:
   464                           	opt stack 0
   465                           tblptru	equ	0xFF8
   466                           intcon	equ	0xFF2
   467                           intcon2	equ	0xFF1
   468                           intcon3	equ	0xFF0
   469                           status	equ	0xFD8
   470                           
   471 ;; *************** function _wl_module_get_data *****************
   472 ;; Defined at:
   473 ;;		line 405 in file "wl_module.c"
   474 ;; Parameters:    Size  Location     Type
   475 ;;  data            2   24[COMRAM] PTR unsigned char 
   476 ;;		 -> main@payload(32), 
   477 ;; Auto vars:     Size  Location     Type
   478 ;;  status          1   26[COMRAM] unsigned char 
   479 ;; Return value:  Size  Location     Type
   480 ;;                  1    wreg      unsigned char 
   481 ;; Registers used:
   482 ;;		wreg, fsr2l, fsr2h, status,2, status,0, cstack
   483 ;; Tracked objects:
   484 ;;		On entry : 0/0
   485 ;;		On exit  : 0/0
   486 ;;		Unchanged: 0/0
   487 ;; Data sizes:     COMRAM   BANK0   BANK1   BANK2   BANK3   BANK4   BANK5   BANK6   BANK7
   488 ;;      Params:         2       0       0       0       0       0       0       0       0
   489 ;;      Locals:         1       0       0       0       0       0       0       0       0
   490 ;;      Temps:          0       0       0       0       0       0       0       0       0
   491 ;;      Totals:         3       0       0       0       0       0       0       0       0
   492 ;;Total ram usage:        3 bytes
   493 ;; Hardware stack levels used:    1
   494 ;; Hardware stack levels required when called:    5
   495 ;; This function calls:
   496 ;;		_spi_fast_shift
   497 ;;		_spi_transfer_sync
   498 ;;		_wl_module_config_register
   499 ;; This function is called by:
   500 ;;		_main
   501 ;; This function uses a non-reentrant model
   502 ;;
   503                           
   504                           	psect	text3
   505  000140                     __ptext3:
   506                           	opt stack 0
   507  000140                     _wl_module_get_data:
   508                           	opt stack 25
   509                           
   510                           ;wl_module.c: 408: unsigned char status;
   511                           ;wl_module.c: 409: LATBbits.LATB4 = 0;;
   512                           
   513                           ; BSR set to: 15
   514                           ;incstack = 0
   515  000140  988A               	bcf	3978,4,c	;volatile
   516                           
   517                           ;wl_module.c: 410: status = spi_fast_shift( 0x61 );
   518  000142  0E61               	movlw	97
   519  000144  EC2D  F001         	call	_spi_fast_shift
   520  000148  6E1B               	movwf	wl_module_get_data@status,c
   521                           
   522                           ;wl_module.c: 411: spi_transfer_sync(data,data,32);
   523  00014A  C019  F013         	movff	wl_module_get_data@data,spi_transfer_sync@dataout
   524  00014E  C01A  F014         	movff	wl_module_get_data@data+1,spi_transfer_sync@dataout+1
   525  000152  C019  F015         	movff	wl_module_get_data@data,spi_transfer_sync@datain
   526  000156  C01A  F016         	movff	wl_module_get_data@data+1,spi_transfer_sync@datain+1
   527  00015A  0E00               	movlw	0
   528  00015C  6E18               	movwf	spi_transfer_sync@length+1,c
   529  00015E  0E20               	movlw	32
   530  000160  6E17               	movwf	spi_transfer_sync@length,c
   531  000162  EC84  F000         	call	_spi_transfer_sync	;wreg free
   532                           
   533                           ;wl_module.c: 412: LATBbits.LATB4 = 1;;
   534  000166  888A               	bsf	3978,4,c	;volatile
   535                           
   536                           ;wl_module.c: 413: wl_module_config_register(0x07,(1<<6));
   537  000168  0E40               	movlw	64
   538  00016A  6E14               	movwf	wl_module_config_register@value,c
   539  00016C  0E07               	movlw	7
   540  00016E  EC0D  F001         	call	_wl_module_config_register
   541                           
   542                           ;wl_module.c: 414: return status;
   543  000172  501B               	movf	wl_module_get_data@status,w,c
   544  000174  0012               	return	
   545  000176                     __end_of_wl_module_get_data:
   546                           	opt stack 0
   547                           tblptru	equ	0xFF8
   548                           intcon	equ	0xFF2
   549                           intcon2	equ	0xFF1
   550                           intcon3	equ	0xFF0
   551                           status	equ	0xFD8
   552                           
   553 ;; *************** function _spi_transfer_sync *****************
   554 ;; Defined at:
   555 ;;		line 50 in file "spi.c"
   556 ;; Parameters:    Size  Location     Type
   557 ;;  dataout         2   18[COMRAM] PTR unsigned char 
   558 ;;		 -> wl_module_get_arc_cnt@data(1), wl_module_get_plos_cnt@data(1), wl_module_get_rf_setup@data(1), wl_module_get_rf_
      +ch@data(1), 
   559 ;;		 -> wl_module_fifo_rx_empty@data(1), wl_module_fifo_tx_empty@data(1), wl_module_get_rx_pw@data(1), wl_module_power_d
      +own@config(1), 
   560 ;;		 -> wl_module_set_as_tx@config(1), main@payload(32), 
   561 ;;  datain          2   20[COMRAM] PTR unsigned char 
   562 ;;		 -> wl_module_get_arc_cnt@data(1), wl_module_get_plos_cnt@data(1), wl_module_get_rf_setup@data(1), wl_module_get_rf_
      +ch@data(1), 
   563 ;;		 -> wl_module_fifo_rx_empty@data(1), wl_module_fifo_tx_empty@data(1), wl_module_get_rx_pw@data(1), wl_module_power_d
      +own@config(1), 
   564 ;;		 -> wl_module_set_as_tx@config(1), main@payload(32), 
   565 ;;  length          2   22[COMRAM] unsigned int 
   566 ;; Auto vars:     Size  Location     Type
   567 ;;		None
   568 ;; Return value:  Size  Location     Type
   569 ;;                  1    wreg      void 
   570 ;; Registers used:
   571 ;;		wreg, fsr2l, fsr2h, status,2, status,0
   572 ;; Tracked objects:
   573 ;;		On entry : 0/0
   574 ;;		On exit  : 0/0
   575 ;;		Unchanged: 0/0
   576 ;; Data sizes:     COMRAM   BANK0   BANK1   BANK2   BANK3   BANK4   BANK5   BANK6   BANK7
   577 ;;      Params:         6       0       0       0       0       0       0       0       0
   578 ;;      Locals:         0       0       0       0       0       0       0       0       0
   579 ;;      Temps:          0       0       0       0       0       0       0       0       0
   580 ;;      Totals:         6       0       0       0       0       0       0       0       0
   581 ;;Total ram usage:        6 bytes
   582 ;; Hardware stack levels used:    1
   583 ;; Hardware stack levels required when called:    3
   584 ;; This function calls:
   585 ;;		Nothing
   586 ;; This function is called by:
   587 ;;		_wl_module_get_data
   588 ;;		_wl_module_read_register
   589 ;; This function uses a non-reentrant model
   590 ;;
   591                           
   592                           	psect	text4
   593  000108                     __ptext4:
   594                           	opt stack 0
   595  000108                     _spi_transfer_sync:
   596                           	opt stack 26
   597                           
   598                           ;spi.c: 51: while(length){
   599                           
   600                           ;incstack = 0
   601  000108  D016               	goto	l1482
   602  00010A                     l1472:
   603                           
   604                           ;spi.c: 52: SSP1BUF = *dataout;
   605  00010A  C013  FFD9         	movff	spi_transfer_sync@dataout,fsr2l
   606  00010E  C014  FFDA         	movff	spi_transfer_sync@dataout+1,fsr2h
   607  000112  50DF               	movf	indf2,w,c
   608  000114  6EC9               	movwf	4041,c	;volatile
   609  000116                     l208:
   610  000116  A69E               	btfss	3998,3,c	;volatile
   611  000118  D7FE               	goto	l208
   612                           
   613                           ;spi.c: 54: PIR1bits.SSP1IF = 0;
   614  00011A  969E               	bcf	3998,3,c	;volatile
   615                           
   616                           ;spi.c: 55: *datain = SSP1BUF;
   617  00011C  C015  FFD9         	movff	spi_transfer_sync@datain,fsr2l
   618  000120  C016  FFDA         	movff	spi_transfer_sync@datain+1,fsr2h
   619  000124  CFC9 FFDF          	movff	4041,indf2	;volatile
   620                           
   621                           ;spi.c: 56: length--;
   622  000128  0617               	decf	spi_transfer_sync@length,f,c
   623  00012A  A0D8               	btfss	status,0,c
   624  00012C  0618               	decf	spi_transfer_sync@length+1,f,c
   625                           
   626                           ;spi.c: 57: dataout++;
   627  00012E  4A13               	infsnz	spi_transfer_sync@dataout,f,c
   628  000130  2A14               	incf	spi_transfer_sync@dataout+1,f,c
   629                           
   630                           ;spi.c: 58: datain++;
   631  000132  4A15               	infsnz	spi_transfer_sync@datain,f,c
   632  000134  2A16               	incf	spi_transfer_sync@datain+1,f,c
   633  000136                     l1482:
   634  000136  5017               	movf	spi_transfer_sync@length,w,c
   635  000138  1018               	iorwf	spi_transfer_sync@length+1,w,c
   636  00013A  B4D8               	btfsc	status,2,c
   637  00013C  0012               	return	
   638  00013E  D7E5               	goto	l1472
   639  000140                     __end_of_spi_transfer_sync:
   640                           	opt stack 0
   641                           tblptru	equ	0xFF8
   642                           intcon	equ	0xFF2
   643                           intcon2	equ	0xFF1
   644                           intcon3	equ	0xFF0
   645                           indf2	equ	0xFDF
   646                           fsr2h	equ	0xFDA
   647                           fsr2l	equ	0xFD9
   648                           status	equ	0xFD8
   649                           
   650 ;; *************** function _wl_module_data_ready *****************
   651 ;; Defined at:
   652 ;;		line 307 in file "wl_module.c"
   653 ;; Parameters:    Size  Location     Type
   654 ;;		None
   655 ;; Auto vars:     Size  Location     Type
   656 ;;  status          1   19[COMRAM] unsigned char 
   657 ;; Return value:  Size  Location     Type
   658 ;;                  1    wreg      unsigned char 
   659 ;; Registers used:
   660 ;;		wreg, status,2, status,0, cstack
   661 ;; Tracked objects:
   662 ;;		On entry : 0/0
   663 ;;		On exit  : 0/0
   664 ;;		Unchanged: 0/0
   665 ;; Data sizes:     COMRAM   BANK0   BANK1   BANK2   BANK3   BANK4   BANK5   BANK6   BANK7
   666 ;;      Params:         0       0       0       0       0       0       0       0       0
   667 ;;      Locals:         1       0       0       0       0       0       0       0       0
   668 ;;      Temps:          0       0       0       0       0       0       0       0       0
   669 ;;      Totals:         1       0       0       0       0       0       0       0       0
   670 ;;Total ram usage:        1 bytes
   671 ;; Hardware stack levels used:    1
   672 ;; Hardware stack levels required when called:    4
   673 ;; This function calls:
   674 ;;		_spi_fast_shift
   675 ;; This function is called by:
   676 ;;		_main
   677 ;; This function uses a non-reentrant model
   678 ;;
   679                           
   680                           	psect	text5
   681  0001E6                     __ptext5:
   682                           	opt stack 0
   683  0001E6                     _wl_module_data_ready:
   684                           	opt stack 26
   685                           
   686                           ;wl_module.c: 310: if (PTX) return 0;
   687                           
   688                           ;incstack = 0
   689  0001E6  503E               	movf	_PTX,w,c	;volatile
   690  0001E8  B4D8               	btfsc	status,2,c
   691  0001EA  D002               	goto	l322
   692  0001EC  0E00               	movlw	0
   693  0001EE  0012               	return	
   694  0001F0                     l322:
   695                           
   696                           ;wl_module.c: 311: unsigned char status;
   697                           ;wl_module.c: 313: LATBbits.LATB4 = 0;;
   698  0001F0  988A               	bcf	3978,4,c	;volatile
   699                           
   700                           ;wl_module.c: 314: status = spi_fast_shift(0xFF);
   701  0001F2  0EFF               	movlw	255
   702  0001F4  EC2D  F001         	call	_spi_fast_shift
   703  0001F8  6E14               	movwf	wl_module_data_ready@status,c
   704                           
   705                           ;wl_module.c: 315: LATBbits.LATB4 = 1;;
   706  0001FA  888A               	bsf	3978,4,c	;volatile
   707                           
   708                           ;wl_module.c: 316: return status & (1<<6);
   709  0001FC  5014               	movf	wl_module_data_ready@status,w,c
   710  0001FE  0B40               	andlw	64
   711  000200  0012               	return	
   712  000202                     __end_of_wl_module_data_ready:
   713                           	opt stack 0
   714                           tblptru	equ	0xFF8
   715                           intcon	equ	0xFF2
   716                           intcon2	equ	0xFF1
   717                           intcon3	equ	0xFF0
   718                           indf2	equ	0xFDF
   719                           fsr2h	equ	0xFDA
   720                           fsr2l	equ	0xFD9
   721                           status	equ	0xFD8
   722                           
   723 ;; *************** function _wl_module_config *****************
   724 ;; Defined at:
   725 ;;		line 44 in file "wl_module.c"
   726 ;; Parameters:    Size  Location     Type
   727 ;;		None
   728 ;; Auto vars:     Size  Location     Type
   729 ;;		None
   730 ;; Return value:  Size  Location     Type
   731 ;;                  1    wreg      void 
   732 ;; Registers used:
   733 ;;		wreg, status,2, status,0, cstack
   734 ;; Tracked objects:
   735 ;;		On entry : 0/0
   736 ;;		On exit  : 0/0
   737 ;;		Unchanged: 0/0
   738 ;; Data sizes:     COMRAM   BANK0   BANK1   BANK2   BANK3   BANK4   BANK5   BANK6   BANK7
   739 ;;      Params:         0       0       0       0       0       0       0       0       0
   740 ;;      Locals:         0       0       0       0       0       0       0       0       0
   741 ;;      Temps:          0       0       0       0       0       0       0       0       0
   742 ;;      Totals:         0       0       0       0       0       0       0       0       0
   743 ;;Total ram usage:        0 bytes
   744 ;; Hardware stack levels used:    1
   745 ;; Hardware stack levels required when called:    5
   746 ;; This function calls:
   747 ;;		_wl_module_config_register
   748 ;; This function is called by:
   749 ;;		_main
   750 ;; This function uses a non-reentrant model
   751 ;;
   752                           
   753                           	psect	text6
   754  000176                     __ptext6:
   755                           	opt stack 0
   756  000176                     _wl_module_config:
   757                           	opt stack 25
   758                           
   759                           ;wl_module.c: 49: wl_module_config_register(0x05,2);
   760                           
   761                           ;incstack = 0
   762  000176  0E02               	movlw	2
   763  000178  6E14               	movwf	wl_module_config_register@value,c
   764  00017A  0E05               	movlw	5
   765  00017C  EC0D  F001         	call	_wl_module_config_register
   766                           
   767                           ;wl_module.c: 51: wl_module_config_register(0x06,(0x06 | 0x20));
   768  000180  0E26               	movlw	38
   769  000182  6E14               	movwf	wl_module_config_register@value,c
   770  000184  0E06               	movlw	6
   771  000186  EC0D  F001         	call	_wl_module_config_register
   772                           
   773                           ;wl_module.c: 53: wl_module_config_register(0x11, 32);
   774  00018A  0E20               	movlw	32
   775  00018C  6E14               	movwf	wl_module_config_register@value,c
   776  00018E  0E11               	movlw	17
   777  000190  EC0D  F001         	call	_wl_module_config_register
   778                           
   779                           ;wl_module.c: 56: PTX = 0;
   780  000194  0E00               	movlw	0
   781  000196  6E3E               	movwf	_PTX,c	;volatile
   782                           
   783                           ;wl_module.c: 57: wl_module_config_register(0x00, ( (1<<6) | (1<<3) | (1<<2) ) | ( (1<<1
      +                          ) | (1<<0) ) );
   784  000198  0E4F               	movlw	79
   785  00019A  6E14               	movwf	wl_module_config_register@value,c
   786  00019C  0E00               	movlw	0
   787  00019E  EC0D  F001         	call	_wl_module_config_register
   788                           
   789                           ;wl_module.c: 58: LATBbits.LATB3 = 1;;
   790  0001A2  868A               	bsf	3978,3,c	;volatile
   791  0001A4  0012               	return		;funcret
   792  0001A6                     __end_of_wl_module_config:
   793                           	opt stack 0
   794                           tblptru	equ	0xFF8
   795                           intcon	equ	0xFF2
   796                           intcon2	equ	0xFF1
   797                           intcon3	equ	0xFF0
   798                           indf2	equ	0xFDF
   799                           fsr2h	equ	0xFDA
   800                           fsr2l	equ	0xFD9
   801                           status	equ	0xFD8
   802                           
   803 ;; *************** function _wl_module_config_register *****************
   804 ;; Defined at:
   805 ;;		line 417 in file "wl_module.c"
   806 ;; Parameters:    Size  Location     Type
   807 ;;  reg             1    wreg     unsigned char 
   808 ;;  value           1   19[COMRAM] unsigned char 
   809 ;; Auto vars:     Size  Location     Type
   810 ;;  reg             1   20[COMRAM] unsigned char 
   811 ;; Return value:  Size  Location     Type
   812 ;;                  1    wreg      void 
   813 ;; Registers used:
   814 ;;		wreg, status,2, status,0, cstack
   815 ;; Tracked objects:
   816 ;;		On entry : 0/0
   817 ;;		On exit  : 0/0
   818 ;;		Unchanged: 0/0
   819 ;; Data sizes:     COMRAM   BANK0   BANK1   BANK2   BANK3   BANK4   BANK5   BANK6   BANK7
   820 ;;      Params:         1       0       0       0       0       0       0       0       0
   821 ;;      Locals:         1       0       0       0       0       0       0       0       0
   822 ;;      Temps:          0       0       0       0       0       0       0       0       0
   823 ;;      Totals:         2       0       0       0       0       0       0       0       0
   824 ;;Total ram usage:        2 bytes
   825 ;; Hardware stack levels used:    1
   826 ;; Hardware stack levels required when called:    4
   827 ;; This function calls:
   828 ;;		_spi_fast_shift
   829 ;; This function is called by:
   830 ;;		_wl_module_config
   831 ;;		_wl_module_get_data
   832 ;;		_wl_module_rx_config
   833 ;;		_wl_module_tx_config
   834 ;;		_wl_module_send
   835 ;; This function uses a non-reentrant model
   836 ;;
   837                           
   838                           	psect	text7
   839  00021A                     __ptext7:
   840                           	opt stack 0
   841  00021A                     _wl_module_config_register:
   842                           	opt stack 25
   843                           
   844                           ;incstack = 0
   845                           ;wl_module_config_register@reg stored from wreg
   846  00021A  6E15               	movwf	wl_module_config_register@reg,c
   847                           
   848                           ;wl_module.c: 420: LATBbits.LATB4 = 0;;
   849  00021C  988A               	bcf	3978,4,c	;volatile
   850                           
   851                           ;wl_module.c: 421: spi_fast_shift(0x20 | (0x1F & reg));
   852  00021E  5015               	movf	wl_module_config_register@reg,w,c
   853  000220  0B1F               	andlw	31
   854  000222  0920               	iorlw	32
   855  000224  EC2D  F001         	call	_spi_fast_shift
   856                           
   857                           ;wl_module.c: 422: spi_fast_shift(value);
   858  000228  5014               	movf	wl_module_config_register@value,w,c
   859  00022A  EC2D  F001         	call	_spi_fast_shift
   860                           
   861                           ;wl_module.c: 423: LATBbits.LATB4 = 1;;
   862  00022E  888A               	bsf	3978,4,c	;volatile
   863  000230  0012               	return		;funcret
   864  000232                     __end_of_wl_module_config_register:
   865                           	opt stack 0
   866                           tblptru	equ	0xFF8
   867                           intcon	equ	0xFF2
   868                           intcon2	equ	0xFF1
   869                           intcon3	equ	0xFF0
   870                           indf2	equ	0xFDF
   871                           fsr2h	equ	0xFDA
   872                           fsr2l	equ	0xFD9
   873                           status	equ	0xFD8
   874                           
   875 ;; *************** function _spi_fast_shift *****************
   876 ;; Defined at:
   877 ;;		line 62 in file "spi.c"
   878 ;; Parameters:    Size  Location     Type
   879 ;;  data            1    wreg     unsigned char 
   880 ;; Auto vars:     Size  Location     Type
   881 ;;  data            1   18[COMRAM] unsigned char 
   882 ;; Return value:  Size  Location     Type
   883 ;;                  1    wreg      unsigned char 
   884 ;; Registers used:
   885 ;;		wreg, status,2
   886 ;; Tracked objects:
   887 ;;		On entry : 0/0
   888 ;;		On exit  : 0/0
   889 ;;		Unchanged: 0/0
   890 ;; Data sizes:     COMRAM   BANK0   BANK1   BANK2   BANK3   BANK4   BANK5   BANK6   BANK7
   891 ;;      Params:         0       0       0       0       0       0       0       0       0
   892 ;;      Locals:         1       0       0       0       0       0       0       0       0
   893 ;;      Temps:          0       0       0       0       0       0       0       0       0
   894 ;;      Totals:         1       0       0       0       0       0       0       0       0
   895 ;;Total ram usage:        1 bytes
   896 ;; Hardware stack levels used:    1
   897 ;; Hardware stack levels required when called:    3
   898 ;; This function calls:
   899 ;;		Nothing
   900 ;; This function is called by:
   901 ;;		_wl_module_data_ready
   902 ;;		_wl_module_get_data
   903 ;;		_wl_module_config_register
   904 ;;		_wl_module_get_one_byte
   905 ;;		_wl_module_read_register
   906 ;;		_wl_module_write_register
   907 ;;		_wl_module_send
   908 ;; This function uses a non-reentrant model
   909 ;;
   910                           
   911                           	psect	text8
   912  00025A                     __ptext8:
   913                           	opt stack 0
   914  00025A                     _spi_fast_shift:
   915                           	opt stack 25
   916                           
   917                           ;incstack = 0
   918                           ;spi_fast_shift@data stored from wreg
   919  00025A  6E13               	movwf	spi_fast_shift@data,c
   920                           
   921                           ;spi.c: 63: SSP1BUF = data;
   922  00025C  C013  FFC9         	movff	spi_fast_shift@data,4041	;volatile
   923  000260                     l215:
   924  000260  A69E               	btfss	3998,3,c	;volatile
   925  000262  D7FE               	goto	l215
   926                           
   927                           ;spi.c: 65: PIR1bits.SSP1IF = 0;
   928  000264  969E               	bcf	3998,3,c	;volatile
   929                           
   930                           ;spi.c: 66: return SSP1BUF;
   931  000266  50C9               	movf	4041,w,c	;volatile
   932  000268  0012               	return		;funcret
   933  00026A                     __end_of_spi_fast_shift:
   934                           	opt stack 0
   935                           tblptru	equ	0xFF8
   936                           intcon	equ	0xFF2
   937                           intcon2	equ	0xFF1
   938                           intcon3	equ	0xFF0
   939                           indf2	equ	0xFDF
   940                           fsr2h	equ	0xFDA
   941                           fsr2l	equ	0xFD9
   942                           status	equ	0xFD8
   943                           
   944 ;; *************** function __delay_10ms *****************
   945 ;; Defined at:
   946 ;;		line 34 in file "main.c"
   947 ;; Parameters:    Size  Location     Type
   948 ;;  length          2   18[COMRAM] int 
   949 ;; Auto vars:     Size  Location     Type
   950 ;;		None
   951 ;; Return value:  Size  Location     Type
   952 ;;                  1    wreg      void 
   953 ;; Registers used:
   954 ;;		wreg, status,2, status,0
   955 ;; Tracked objects:
   956 ;;		On entry : 0/0
   957 ;;		On exit  : 0/0
   958 ;;		Unchanged: 0/0
   959 ;; Data sizes:     COMRAM   BANK0   BANK1   BANK2   BANK3   BANK4   BANK5   BANK6   BANK7
   960 ;;      Params:         2       0       0       0       0       0       0       0       0
   961 ;;      Locals:         0       0       0       0       0       0       0       0       0
   962 ;;      Temps:          1       0       0       0       0       0       0       0       0
   963 ;;      Totals:         3       0       0       0       0       0       0       0       0
   964 ;;Total ram usage:        3 bytes
   965 ;; Hardware stack levels used:    1
   966 ;; Hardware stack levels required when called:    3
   967 ;; This function calls:
   968 ;;		Nothing
   969 ;; This function is called by:
   970 ;;		_main
   971 ;; This function uses a non-reentrant model
   972 ;;
   973                           
   974                           	psect	text9
   975  0001C6                     __ptext9:
   976                           	opt stack 0
   977  0001C6                     __delay_10ms:
   978                           	opt stack 27
   979                           
   980                           ;main.c: 35: while(length){
   981                           
   982                           ;incstack = 0
   983  0001C6  D00A               	goto	l156
   984  0001C8                     l1488:
   985                           
   986                           ;main.c: 36: _delay((unsigned long)((10)*(16000000/4000.0)));
   987  0001C8  0E34               	movlw	52
   988  0001CA  6E15               	movwf	??__delay_10ms& (0+255),c
   989  0001CC  0EF2               	movlw	242
   990  0001CE                     u427:
   991  0001CE  2EE8               	decfsz	wreg,f,c
   992  0001D0  D7FE               	bra	u427
   993  0001D2  2E15               	decfsz	??__delay_10ms& (0+255),f,c
   994  0001D4  D7FC               	bra	u427
   995                           
   996                           ;main.c: 37: length--;
   997  0001D6  0613               	decf	__delay_10ms@length,f,c
   998  0001D8  A0D8               	btfss	status,0,c
   999  0001DA  0614               	decf	__delay_10ms@length+1,f,c
  1000  0001DC                     l156:
  1001  0001DC  5013               	movf	__delay_10ms@length,w,c
  1002  0001DE  1014               	iorwf	__delay_10ms@length+1,w,c
  1003  0001E0  B4D8               	btfsc	status,2,c
  1004  0001E2  0012               	return	
  1005  0001E4  D7F1               	goto	l1488
  1006  0001E6                     __end_of__delay_10ms:
  1007                           	opt stack 0
  1008                           tblptru	equ	0xFF8
  1009                           intcon	equ	0xFF2
  1010                           intcon2	equ	0xFF1
  1011                           intcon3	equ	0xFF0
  1012                           wreg	equ	0xFE8
  1013                           indf2	equ	0xFDF
  1014                           fsr2h	equ	0xFDA
  1015                           fsr2l	equ	0xFD9
  1016                           status	equ	0xFD8
  1017                           
  1018 ;; *************** function _ISR *****************
  1019 ;; Defined at:
  1020 ;;		line 65 in file "main.c"
  1021 ;; Parameters:    Size  Location     Type
  1022 ;;		None
  1023 ;; Auto vars:     Size  Location     Type
  1024 ;;  status          1   17[COMRAM] unsigned char 
  1025 ;; Return value:  Size  Location     Type
  1026 ;;                  1    wreg      void 
  1027 ;; Registers used:
  1028 ;;		wreg, status,2, status,0, cstack
  1029 ;; Tracked objects:
  1030 ;;		On entry : 0/0
  1031 ;;		On exit  : 0/0
  1032 ;;		Unchanged: 0/0
  1033 ;; Data sizes:     COMRAM   BANK0   BANK1   BANK2   BANK3   BANK4   BANK5   BANK6   BANK7
  1034 ;;      Params:         0       0       0       0       0       0       0       0       0
  1035 ;;      Locals:         1       0       0       0       0       0       0       0       0
  1036 ;;      Temps:         14       0       0       0       0       0       0       0       0
  1037 ;;      Totals:        15       0       0       0       0       0       0       0       0
  1038 ;;Total ram usage:       15 bytes
  1039 ;; Hardware stack levels used:    1
  1040 ;; Hardware stack levels required when called:    2
  1041 ;; This function calls:
  1042 ;;		i2_spi_fast_shift
  1043 ;;		i2_wl_module_config_register
  1044 ;; This function is called by:
  1045 ;;		Interrupt level 2
  1046 ;; This function uses a non-reentrant model
  1047 ;;
  1048                           
  1049                           	psect	intcode
  1050  000008                     __pintcode:
  1051                           	opt stack 0
  1052  000008                     _ISR:
  1053                           	opt stack 25
  1054                           
  1055                           ;incstack = 0
  1056  000008  823F               	bsf	btemp,1,c	;set compiler interrupt flag (level 2)
  1057  00000A  CFFA F004          	movff	pclath,??_ISR
  1058  00000E  CFFB F005          	movff	pclatu,??_ISR+1
  1059  000012  CFE9 F006          	movff	fsr0l,??_ISR+2
  1060  000016  CFEA F007          	movff	fsr0h,??_ISR+3
  1061  00001A  CFE1 F008          	movff	fsr1l,??_ISR+4
  1062  00001E  CFE2 F009          	movff	fsr1h,??_ISR+5
  1063  000022  CFD9 F00A          	movff	fsr2l,??_ISR+6
  1064  000026  CFDA F00B          	movff	fsr2h,??_ISR+7
  1065  00002A  CFF3 F00C          	movff	prodl,??_ISR+8
  1066  00002E  CFF4 F00D          	movff	prodh,??_ISR+9
  1067  000032  CFF6 F00E          	movff	tblptrl,??_ISR+10
  1068  000036  CFF7 F00F          	movff	tblptrh,??_ISR+11
  1069  00003A  CFF8 F010          	movff	tblptru,??_ISR+12
  1070  00003E  CFF5 F011          	movff	tablat,??_ISR+13
  1071                           
  1072                           ;main.c: 67: if( INTCON3bits.INT2IF ){
  1073  000042  A2F0               	btfss	intcon3,1,c	;volatile
  1074  000044  D024               	goto	i2l175
  1075                           
  1076                           ;main.c: 68: unsigned char status;
  1077                           ;main.c: 71: LATBbits.LATB4 = 0;;
  1078  000046  988A               	bcf	3978,4,c	;volatile
  1079                           
  1080                           ;main.c: 72: status = spi_fast_shift(0xFF);
  1081  000048  0EFF               	movlw	255
  1082  00004A  EC35  F001         	call	i2_spi_fast_shift
  1083  00004E  6E12               	movwf	ISR@status,c
  1084                           
  1085                           ;main.c: 73: LATBbits.LATB4 = 1;;
  1086  000050  888A               	bsf	3978,4,c	;volatile
  1087                           
  1088                           ;main.c: 76: if (status & (1<<5)){
  1089  000052  AA12               	btfss	ISR@status,5,c
  1090  000054  D007               	goto	i2l1554
  1091                           
  1092                           ;main.c: 77: wl_module_config_register(0x07, (1<<5));
  1093  000056  0E20               	movlw	32
  1094  000058  6E02               	movwf	i2wl_module_config_register@value,c
  1095  00005A  0E07               	movlw	7
  1096  00005C  EC19  F001         	call	i2_wl_module_config_register
  1097                           
  1098                           ;main.c: 78: PTX=0;
  1099  000060  0E00               	movlw	0
  1100  000062  6E3E               	movwf	_PTX,c	;volatile
  1101  000064                     i2l1554:
  1102                           
  1103                           ;main.c: 79: }
  1104                           ;main.c: 81: if (status & (1<<4)){
  1105  000064  A812               	btfss	ISR@status,4,c
  1106  000066  D00B               	goto	i2l1564
  1107                           
  1108                           ;main.c: 82: wl_module_config_register(0x07, (1<<4));
  1109  000068  0E10               	movlw	16
  1110  00006A  6E02               	movwf	i2wl_module_config_register@value,c
  1111  00006C  0E07               	movlw	7
  1112  00006E  EC19  F001         	call	i2_wl_module_config_register
  1113                           
  1114                           ;main.c: 83: LATBbits.LATB3 = 1;;
  1115  000072  868A               	bsf	3978,3,c	;volatile
  1116                           
  1117                           ;main.c: 84: _delay((unsigned long)((10)*(16000000/4000000.0)));
  1118  000074  0E0D               	movlw	13
  1119  000076                     i2u43_47:
  1120  000076  2EE8               	decfsz	wreg,f,c
  1121  000078  D7FE               	bra	i2u43_47
  1122  00007A  F000               	nop	
  1123                           
  1124                           ;main.c: 85: LATBbits.LATB3 = 0;;
  1125  00007C  968A               	bcf	3978,3,c	;volatile
  1126  00007E                     i2l1564:
  1127                           
  1128                           ;main.c: 86: }
  1129                           ;main.c: 88: if (status & (1<<0)){
  1130  00007E  A012               	btfss	ISR@status,0,c
  1131  000080  D005               	goto	i2l1572
  1132                           
  1133                           ;main.c: 89: LATBbits.LATB4 = 0;;
  1134  000082  988A               	bcf	3978,4,c	;volatile
  1135                           
  1136                           ;main.c: 90: spi_fast_shift(0xE1);
  1137  000084  0EE1               	movlw	225
  1138  000086  EC35  F001         	call	i2_spi_fast_shift
  1139                           
  1140                           ;main.c: 91: LATBbits.LATB4 = 1;;
  1141  00008A  888A               	bsf	3978,4,c	;volatile
  1142  00008C                     i2l1572:
  1143                           
  1144                           ;main.c: 92: }
  1145                           ;main.c: 94: INTCON3bits.INT2IF = 0;
  1146  00008C  92F0               	bcf	intcon3,1,c	;volatile
  1147  00008E                     i2l175:
  1148  00008E  C011  FFF5         	movff	??_ISR+13,tablat
  1149  000092  C010  FFF8         	movff	??_ISR+12,tblptru
  1150  000096  C00F  FFF7         	movff	??_ISR+11,tblptrh
  1151  00009A  C00E  FFF6         	movff	??_ISR+10,tblptrl
  1152  00009E  C00D  FFF4         	movff	??_ISR+9,prodh
  1153  0000A2  C00C  FFF3         	movff	??_ISR+8,prodl
  1154  0000A6  C00B  FFDA         	movff	??_ISR+7,fsr2h
  1155  0000AA  C00A  FFD9         	movff	??_ISR+6,fsr2l
  1156  0000AE  C009  FFE2         	movff	??_ISR+5,fsr1h
  1157  0000B2  C008  FFE1         	movff	??_ISR+4,fsr1l
  1158  0000B6  C007  FFEA         	movff	??_ISR+3,fsr0h
  1159  0000BA  C006  FFE9         	movff	??_ISR+2,fsr0l
  1160  0000BE  C005  FFFB         	movff	??_ISR+1,pclatu
  1161  0000C2  C004  FFFA         	movff	??_ISR,pclath
  1162  0000C6  923F               	bcf	btemp,1,c	;clear compiler interrupt flag (level 2)
  1163  0000C8  0011               	retfie		f
  1164  0000CA                     __end_of_ISR:
  1165                           	opt stack 0
  1166                           pclatu	equ	0xFFB
  1167                           pclath	equ	0xFFA
  1168                           tblptru	equ	0xFF8
  1169                           tblptrh	equ	0xFF7
  1170                           tblptrl	equ	0xFF6
  1171                           tablat	equ	0xFF5
  1172                           prodh	equ	0xFF4
  1173                           prodl	equ	0xFF3
  1174                           intcon	equ	0xFF2
  1175                           intcon2	equ	0xFF1
  1176                           intcon3	equ	0xFF0
  1177                           fsr0h	equ	0xFEA
  1178                           fsr0l	equ	0xFE9
  1179                           wreg	equ	0xFE8
  1180                           fsr1h	equ	0xFE2
  1181                           fsr1l	equ	0xFE1
  1182                           indf2	equ	0xFDF
  1183                           fsr2h	equ	0xFDA
  1184                           fsr2l	equ	0xFD9
  1185                           status	equ	0xFD8
  1186                           
  1187 ;; *************** function i2_wl_module_config_register *****************
  1188 ;; Defined at:
  1189 ;;		line 417 in file "wl_module.c"
  1190 ;; Parameters:    Size  Location     Type
  1191 ;;  reg             1    wreg     unsigned char 
  1192 ;;  value           1    1[COMRAM] unsigned char 
  1193 ;; Auto vars:     Size  Location     Type
  1194 ;;  reg             1    2[COMRAM] unsigned char 
  1195 ;; Return value:  Size  Location     Type
  1196 ;;                  1    wreg      void 
  1197 ;; Registers used:
  1198 ;;		wreg, status,2, status,0, cstack
  1199 ;; Tracked objects:
  1200 ;;		On entry : 0/0
  1201 ;;		On exit  : 0/0
  1202 ;;		Unchanged: 0/0
  1203 ;; Data sizes:     COMRAM   BANK0   BANK1   BANK2   BANK3   BANK4   BANK5   BANK6   BANK7
  1204 ;;      Params:         1       0       0       0       0       0       0       0       0
  1205 ;;      Locals:         1       0       0       0       0       0       0       0       0
  1206 ;;      Temps:          0       0       0       0       0       0       0       0       0
  1207 ;;      Totals:         2       0       0       0       0       0       0       0       0
  1208 ;;Total ram usage:        2 bytes
  1209 ;; Hardware stack levels used:    1
  1210 ;; Hardware stack levels required when called:    1
  1211 ;; This function calls:
  1212 ;;		i2_spi_fast_shift
  1213 ;; This function is called by:
  1214 ;;		_ISR
  1215 ;; This function uses a non-reentrant model
  1216 ;;
  1217                           
  1218                           	psect	text11
  1219  000232                     __ptext11:
  1220                           	opt stack 0
  1221  000232                     i2_wl_module_config_register:
  1222                           	opt stack 25
  1223                           
  1224                           ;incstack = 0
  1225                           ;i2wl_module_config_register@reg stored from wreg
  1226  000232  6E03               	movwf	i2wl_module_config_register@reg,c
  1227                           
  1228                           ;wl_module.c: 420: LATBbits.LATB4 = 0;;
  1229  000234  988A               	bcf	3978,4,c	;volatile
  1230                           
  1231                           ;wl_module.c: 421: spi_fast_shift(0x20 | (0x1F & reg));
  1232  000236  5003               	movf	i2wl_module_config_register@reg,w,c
  1233  000238  0B1F               	andlw	31
  1234  00023A  0920               	iorlw	32
  1235  00023C  EC35  F001         	call	i2_spi_fast_shift
  1236                           
  1237                           ;wl_module.c: 422: spi_fast_shift(value);
  1238  000240  5002               	movf	i2wl_module_config_register@value,w,c
  1239  000242  EC35  F001         	call	i2_spi_fast_shift
  1240                           
  1241                           ;wl_module.c: 423: LATBbits.LATB4 = 1;;
  1242  000246  888A               	bsf	3978,4,c	;volatile
  1243  000248  0012               	return		;funcret
  1244  00024A                     __end_ofi2_wl_module_config_register:
  1245                           	opt stack 0
  1246                           pclatu	equ	0xFFB
  1247                           pclath	equ	0xFFA
  1248                           tblptru	equ	0xFF8
  1249                           tblptrh	equ	0xFF7
  1250                           tblptrl	equ	0xFF6
  1251                           tablat	equ	0xFF5
  1252                           prodh	equ	0xFF4
  1253                           prodl	equ	0xFF3
  1254                           intcon	equ	0xFF2
  1255                           intcon2	equ	0xFF1
  1256                           intcon3	equ	0xFF0
  1257                           fsr0h	equ	0xFEA
  1258                           fsr0l	equ	0xFE9
  1259                           wreg	equ	0xFE8
  1260                           fsr1h	equ	0xFE2
  1261                           fsr1l	equ	0xFE1
  1262                           indf2	equ	0xFDF
  1263                           fsr2h	equ	0xFDA
  1264                           fsr2l	equ	0xFD9
  1265                           status	equ	0xFD8
  1266                           
  1267 ;; *************** function i2_spi_fast_shift *****************
  1268 ;; Defined at:
  1269 ;;		line 62 in file "spi.c"
  1270 ;; Parameters:    Size  Location     Type
  1271 ;;  data            1    wreg     unsigned char 
  1272 ;; Auto vars:     Size  Location     Type
  1273 ;;  data            1    0[COMRAM] unsigned char 
  1274 ;; Return value:  Size  Location     Type
  1275 ;;                  1    wreg      unsigned char 
  1276 ;; Registers used:
  1277 ;;		wreg, status,2
  1278 ;; Tracked objects:
  1279 ;;		On entry : 0/0
  1280 ;;		On exit  : 0/0
  1281 ;;		Unchanged: 0/0
  1282 ;; Data sizes:     COMRAM   BANK0   BANK1   BANK2   BANK3   BANK4   BANK5   BANK6   BANK7
  1283 ;;      Params:         0       0       0       0       0       0       0       0       0
  1284 ;;      Locals:         1       0       0       0       0       0       0       0       0
  1285 ;;      Temps:          0       0       0       0       0       0       0       0       0
  1286 ;;      Totals:         1       0       0       0       0       0       0       0       0
  1287 ;;Total ram usage:        1 bytes
  1288 ;; Hardware stack levels used:    1
  1289 ;; This function calls:
  1290 ;;		Nothing
  1291 ;; This function is called by:
  1292 ;;		_ISR
  1293 ;;		i2_wl_module_config_register
  1294 ;; This function uses a non-reentrant model
  1295 ;;
  1296                           
  1297                           	psect	text12
  1298  00026A                     __ptext12:
  1299                           	opt stack 0
  1300  00026A                     i2_spi_fast_shift:
  1301                           	opt stack 25
  1302                           
  1303                           ;incstack = 0
  1304                           ;i2spi_fast_shift@data stored from wreg
  1305  00026A  6E01               	movwf	i2spi_fast_shift@data,c
  1306                           
  1307                           ;spi.c: 63: SSP1BUF = data;
  1308  00026C  C001  FFC9         	movff	i2spi_fast_shift@data,4041	;volatile
  1309  000270                     i2l215:
  1310  000270  A69E               	btfss	3998,3,c	;volatile
  1311  000272  D7FE               	goto	i2l215
  1312                           
  1313                           ;spi.c: 65: PIR1bits.SSP1IF = 0;
  1314  000274  969E               	bcf	3998,3,c	;volatile
  1315                           
  1316                           ;spi.c: 66: return SSP1BUF;
  1317  000276  50C9               	movf	4041,w,c	;volatile
  1318  000278  0012               	return		;funcret
  1319  00027A                     __end_ofi2_spi_fast_shift:
  1320                           	opt stack 0
  1321  0000                     pclatu	equ	0xFFB
  1322                           pclath	equ	0xFFA
  1323                           tblptru	equ	0xFF8
  1324                           tblptrh	equ	0xFF7
  1325                           tblptrl	equ	0xFF6
  1326                           tablat	equ	0xFF5
  1327                           prodh	equ	0xFF4
  1328                           prodl	equ	0xFF3
  1329                           intcon	equ	0xFF2
  1330                           intcon2	equ	0xFF1
  1331                           intcon3	equ	0xFF0
  1332                           fsr0h	equ	0xFEA
  1333                           fsr0l	equ	0xFE9
  1334                           wreg	equ	0xFE8
  1335                           fsr1h	equ	0xFE2
  1336                           fsr1l	equ	0xFE1
  1337                           indf2	equ	0xFDF
  1338                           fsr2h	equ	0xFDA
  1339                           fsr2l	equ	0xFD9
  1340                           status	equ	0xFD8
  1341                           pclatu	equ	0xFFB
  1342                           pclath	equ	0xFFA
  1343                           tblptru	equ	0xFF8
  1344                           tblptrh	equ	0xFF7
  1345                           tblptrl	equ	0xFF6
  1346                           tablat	equ	0xFF5
  1347                           prodh	equ	0xFF4
  1348                           prodl	equ	0xFF3
  1349                           intcon	equ	0xFF2
  1350                           intcon2	equ	0xFF1
  1351                           intcon3	equ	0xFF0
  1352                           fsr0h	equ	0xFEA
  1353                           fsr0l	equ	0xFE9
  1354                           wreg	equ	0xFE8
  1355                           fsr1h	equ	0xFE2
  1356                           fsr1l	equ	0xFE1
  1357                           indf2	equ	0xFDF
  1358                           fsr2h	equ	0xFDA
  1359                           fsr2l	equ	0xFD9
  1360                           status	equ	0xFD8
  1361                           
  1362                           	psect	rparam
  1363  0000                     pclatu	equ	0xFFB
  1364                           pclath	equ	0xFFA
  1365                           tblptru	equ	0xFF8
  1366                           tblptrh	equ	0xFF7
  1367                           tblptrl	equ	0xFF6
  1368                           tablat	equ	0xFF5
  1369                           prodh	equ	0xFF4
  1370                           prodl	equ	0xFF3
  1371                           intcon	equ	0xFF2
  1372                           intcon2	equ	0xFF1
  1373                           intcon3	equ	0xFF0
  1374                           fsr0h	equ	0xFEA
  1375                           fsr0l	equ	0xFE9
  1376                           wreg	equ	0xFE8
  1377                           fsr1h	equ	0xFE2
  1378                           fsr1l	equ	0xFE1
  1379                           indf2	equ	0xFDF
  1380                           fsr2h	equ	0xFDA
  1381                           fsr2l	equ	0xFD9
  1382                           status	equ	0xFD8
  1383                           
  1384                           	psect	temp
  1385  00003F                     btemp:
  1386                           	opt stack 0
  1387  00003F                     	ds	1
  1388  0000                     int$flags	set	btemp
  1389                           pclatu	equ	0xFFB
  1390                           pclath	equ	0xFFA
  1391                           tblptru	equ	0xFF8
  1392                           tblptrh	equ	0xFF7
  1393                           tblptrl	equ	0xFF6
  1394                           tablat	equ	0xFF5
  1395                           prodh	equ	0xFF4
  1396                           prodl	equ	0xFF3
  1397                           intcon	equ	0xFF2
  1398                           intcon2	equ	0xFF1
  1399                           intcon3	equ	0xFF0
  1400                           fsr0h	equ	0xFEA
  1401                           fsr0l	equ	0xFE9
  1402                           wreg	equ	0xFE8
  1403                           fsr1h	equ	0xFE2
  1404                           fsr1l	equ	0xFE1
  1405                           indf2	equ	0xFDF
  1406                           fsr2h	equ	0xFDA
  1407                           fsr2l	equ	0xFD9
  1408                           status	equ	0xFD8


Data Sizes:
    Strings     0
    Constant    0
    Data        0
    BSS         1
    Persistent  0
    Stack       0

Auto Spaces:
    Space          Size  Autos    Used
    COMRAM           94     61      62
    BANK0           160      0       0
    BANK1           256      0       0
    BANK2           256      0       0
    BANK3           256      0       0
    BANK4           256      0       0
    BANK5           256      0       0
    BANK6           256      0       0
    BANK7           256      0       0

Pointer List with Targets:

    wl_module_get_data@data	PTR unsigned char  size(2) Largest target is 32
		 -> main@payload(COMRAM[32]), 

    spi_transfer_sync@datain	PTR unsigned char  size(2) Largest target is 32
		 -> wl_module_get_arc_cnt@data(COMRAM[1]), wl_module_get_plos_cnt@data(COMRAM[1]), wl_module_get_rf_setup@data(COMRAM[1]), wl_module_get_rf_ch@data(COMRAM[1]), 
		 -> wl_module_fifo_rx_empty@data(COMRAM[1]), wl_module_fifo_tx_empty@data(COMRAM[1]), wl_module_get_rx_pw@data(COMRAM[1]), wl_module_power_down@config(COMRAM[1]), 
		 -> wl_module_set_as_tx@config(COMRAM[1]), main@payload(COMRAM[32]), 

    spi_transfer_sync@dataout	PTR unsigned char  size(2) Largest target is 32
		 -> wl_module_get_arc_cnt@data(COMRAM[1]), wl_module_get_plos_cnt@data(COMRAM[1]), wl_module_get_rf_setup@data(COMRAM[1]), wl_module_get_rf_ch@data(COMRAM[1]), 
		 -> wl_module_fifo_rx_empty@data(COMRAM[1]), wl_module_fifo_tx_empty@data(COMRAM[1]), wl_module_get_rx_pw@data(COMRAM[1]), wl_module_power_down@config(COMRAM[1]), 
		 -> wl_module_set_as_tx@config(COMRAM[1]), main@payload(COMRAM[32]), 


Critical Paths under _main in COMRAM

    _main->_wl_module_get_data
    _wl_module_get_data->_spi_transfer_sync
    _wl_module_data_ready->_spi_fast_shift
    _wl_module_config->_wl_module_config_register
    _wl_module_config_register->_spi_fast_shift

Critical Paths under _ISR in COMRAM

    _ISR->i2_wl_module_config_register
    i2_wl_module_config_register->i2_spi_fast_shift

Critical Paths under _main in BANK0

    None.

Critical Paths under _ISR in BANK0

    None.

Critical Paths under _main in BANK1

    None.

Critical Paths under _ISR in BANK1

    None.

Critical Paths under _main in BANK2

    None.

Critical Paths under _ISR in BANK2

    None.

Critical Paths under _main in BANK3

    None.

Critical Paths under _ISR in BANK3

    None.

Critical Paths under _main in BANK4

    None.

Critical Paths under _ISR in BANK4

    None.

Critical Paths under _main in BANK5

    None.

Critical Paths under _ISR in BANK5

    None.

Critical Paths under _main in BANK6

    None.

Critical Paths under _ISR in BANK6

    None.

Critical Paths under _main in BANK7

    None.

Critical Paths under _ISR in BANK7

    None.

Call Graph Tables:

 ---------------------------------------------------------------------------------
 (Depth) Function   	        Calls       Base Space   Used Autos Params    Refs
 ---------------------------------------------------------------------------------
 (0) _main                                                34    34      0    3724
                                             27 COMRAM    34    34      0
                        __delay_10ms
                   _wl_module_config
               _wl_module_data_ready
                 _wl_module_get_data
                     _wl_module_init
 ---------------------------------------------------------------------------------
 (1) _wl_module_init                                       0     0      0       0
                           _spi_init
 ---------------------------------------------------------------------------------
 (2) _spi_init                                             0     0      0       0
 ---------------------------------------------------------------------------------
 (1) _wl_module_get_data                                   3     1      2    2078
                                             24 COMRAM     3     1      2
                     _spi_fast_shift
                  _spi_transfer_sync
          _wl_module_config_register
 ---------------------------------------------------------------------------------
 (2) _spi_transfer_sync                                    6     0      6     453
                                             18 COMRAM     6     0      6
 ---------------------------------------------------------------------------------
 (1) _wl_module_data_ready                                 1     1      0      30
                                             19 COMRAM     1     1      0
                     _spi_fast_shift
 ---------------------------------------------------------------------------------
 (1) _wl_module_config                                     0     0      0    1479
          _wl_module_config_register
 ---------------------------------------------------------------------------------
 (2) _wl_module_config_register                            2     1      1    1479
                                             19 COMRAM     2     1      1
                     _spi_fast_shift
 ---------------------------------------------------------------------------------
 (3) _spi_fast_shift                                       1     1      0      15
                                             18 COMRAM     1     1      0
 ---------------------------------------------------------------------------------
 (1) __delay_10ms                                          3     1      2      87
                                             18 COMRAM     3     1      2
 ---------------------------------------------------------------------------------
 Estimated maximum stack depth 3
 ---------------------------------------------------------------------------------
 (Depth) Function   	        Calls       Base Space   Used Autos Params    Refs
 ---------------------------------------------------------------------------------
 (4) _ISR                                                 15    15      0     207
                                              3 COMRAM    15    15      0
                   i2_spi_fast_shift
        i2_wl_module_config_register
 ---------------------------------------------------------------------------------
 (5) i2_wl_module_config_register                          2     1      1     118
                                              1 COMRAM     2     1      1
                   i2_spi_fast_shift
 ---------------------------------------------------------------------------------
 (6) i2_spi_fast_shift                                     1     1      0      22
                                              0 COMRAM     1     1      0
 ---------------------------------------------------------------------------------
 Estimated maximum stack depth 6
 ---------------------------------------------------------------------------------

 Call Graph Graphs:

 _main (ROOT)
   __delay_10ms
   _wl_module_config
     _wl_module_config_register
       _spi_fast_shift
   _wl_module_data_ready
     _spi_fast_shift
   _wl_module_get_data
     _spi_fast_shift
     _spi_transfer_sync
     _wl_module_config_register
       _spi_fast_shift
   _wl_module_init
     _spi_init

 _ISR (ROOT)
   i2_spi_fast_shift
   i2_wl_module_config_register
     i2_spi_fast_shift

 Address spaces:
Name               Size   Autos  Total    Cost      Usage
BIGRAM             7FF      0       0      21        0.0%
EEDATA             100      0       0       0        0.0%
BITBANK7           100      0       0      19        0.0%
BANK7              100      0       0      20        0.0%
BITBANK6           100      0       0      17        0.0%
BANK6              100      0       0      18        0.0%
BITBANK5           100      0       0      15        0.0%
BANK5              100      0       0      16        0.0%
BITBANK4           100      0       0      13        0.0%
BANK4              100      0       0      14        0.0%
BITBANK3           100      0       0      11        0.0%
BANK3              100      0       0      12        0.0%
BITBANK2           100      0       0       9        0.0%
BANK2              100      0       0      10        0.0%
BITBANK1           100      0       0       7        0.0%
BANK1              100      0       0       8        0.0%
BITBANK0            A0      0       0       4        0.0%
BANK0               A0      0       0       5        0.0%
BITCOMRAM           5E      0       0       0        0.0%
COMRAM              5E     3D      3E       1       66.0%
BITSFR_1             0      0       0     200        0.0%
SFR_1                0      0       0     200        0.0%
BITSFR               0      0       0     200        0.0%
SFR                  0      0       0     200        0.0%
STACK                0      0       0       2        0.0%
NULL                 0      0       0       0        0.0%
ABS                  0      0      3E       6        0.0%
DATA                 0      0      3E       3        0.0%
CODE                 0      0       0       0        0.0%


Microchip Technology PIC18 Macro Assembler V1.41 build -162212810 
Symbol Table                                                                                   Tue Jul 18 16:07:52 2017

                __size_of__delay_10ms 0020                          __CFG_CP0$OFF 000000  
                        __CFG_CP1$OFF 000000                          __CFG_CP2$OFF 000000  
                        __CFG_CP3$OFF 000000                           __CFG_LVP$ON 000000  
                                 l215 0260                                   l208 0116  
                                 l322 01F0                                   l156 01DC  
                        __CFG_CPB$OFF 000000                          __CFG_CPD$OFF 000000  
                                 u427 01CE                                   _ISR 0008  
                                 _PTX 003E                                   wreg 000FE8  
                                ?_ISR 0001                                  l1534 00EA  
                                l1472 010A                                  l1482 0136  
                                l1488 01C8                                  _LATA 000F89  
                                _LATB 000F8A                                  _LATC 000F8B  
                                _LATD 000F8C                                  _LATE 000F8D  
                                _WPUB 000F85                         __CFG_FCMEN$ON 000000  
                      _wl_module_init 0202                           main@payload 001C  
                                _main 00CE                                  fsr0h 000FEA  
                                fsr1h 000FE2                                  fsr2h 000FDA  
                                fsr0l 000FE9                                  indf2 000FDF  
                                fsr1l 000FE1                                  fsr2l 000FD9  
                                btemp 003F                         __CFG_BORV$190 000000  
                                prodh 000FF4                                  prodl 000FF3  
                                start 00CA                         __CFG_IESO$OFF 000000  
                       __CFG_FOSC$HSM 000000                         __CFG_MCLRE$ON 000000  
                        ___param_bank 000000                                 ??_ISR 0004  
        ?i2_wl_module_config_register 0002             _wl_module_config_register 021A  
                               ?_main 0001                        __CFG_DEBUG$OFF 000000  
                               i2l215 0270                                 i2l175 008E  
                               _PORTB 000F81                                 _TRISA 000F92  
                               _TRISB 000F93                                 _TRISC 000F94  
                               _TRISD 000F95                                 _TRISE 000F96  
                       __CFG_WRT0$OFF 000000                         __CFG_WRT1$OFF 000000  
                       __CFG_WRT2$OFF 000000                         __CFG_WRT3$OFF 000000  
                      __CFG_EBTR0$OFF 000000                        __CFG_EBTR1$OFF 000000  
                      __CFG_EBTR2$OFF 000000                        __CFG_EBTR3$OFF 000000  
                       __CFG_WRTB$OFF 000000                         __CFG_WRTC$OFF 000000  
                       __CFG_WRTD$OFF 000000                        __CFG_EBTRB$OFF 000000  
              __end_of_wl_module_init 021A                                 pclath 000FFA  
                               tablat 000FF5                                 status 000FD8  
                      __CFG_T3CMX$RC0 000000                        __CFG_ICPRT$OFF 000000  
                _wl_module_data_ready 01E6                        __CFG_PBADEN$ON 000000  
                     __initialization 024A                          __end_of_main 0108  
                   ?i2_spi_fast_shift 0001                        __CFG_PCLKEN$ON 000000  
                  ??i2_spi_fast_shift 0001         ??i2_wl_module_config_register 0003  
                              ??_main 001C                         __activetblptr 000002  
                      __CFG_SDOMX$RB3 000000                       __CFG_CCP2MX$RC1 000000  
                  spi_fast_shift@data 0013                                _ADCON0 000FC2  
                              _ADCON1 000FC1                                _ADCON2 000FC0  
                              _ACTCON 000FB5                                _ADRESH 000FC4  
                              _ADRESL 000FC3           __size_of_wl_module_get_data 0036  
                    ??_spi_fast_shift 0013              spi_transfer_sync@dataout 0013  
                     ?_wl_module_init 0001                                _ANSELA 000F5B  
                              _ANSELB 000F5C                                _ANSELC 000F5D  
                              _ANSELD 000F5E                                _ANSELE 000F5F  
                              i2l1554 0064                                i2l1572 008C  
                              i2l1564 007E                        __CFG_WDTEN$OFF 000000  
                              _OSCCON 000FD3                 ?_wl_module_data_ready 0001  
                      __CFG_XINST$OFF 000000                      _wl_module_config 0176  
                      __CFG_STVREN$ON 000000                        main@nRF_status 003C  
                              tblptrh 000FF7                                tblptrl 000FF6  
                              tblptru 000FF8                      __end_of_spi_init 01C6  
                __CFG_LS48MHZ$SYS24X4 000000                            __accesstop 0060  
             __end_of__initialization 024C                         ___rparam_used 000001  
                      __pcstackCOMRAM 0001    __size_of_wl_module_config_register 0018  
          wl_module_data_ready@status 0014                ??_wl_module_data_ready 0014  
                           ISR@status 0012                         ??__delay_10ms 0015  
                   __CFG_PLLSEL$PLL4X 000000                               _OSCCON2 000FD2  
                             i2u43_47 0076                               _OSCTUNE 000F9B  
                             _SSP1BUF 000FC9     __end_of_wl_module_config_register 0232  
                             __Hparam 0000              wl_module_get_data@status 001B  
                             __Lparam 0000                             ?_spi_init 0001  
                             __pcinit 024A                               __ramtop 0800  
                 __end_of__delay_10ms 01E6                               __ptext0 00CE  
                             __ptext1 0202                               __ptext2 01A6  
                             __ptext3 0140                               __ptext4 0108  
                             __ptext5 01E6                               __ptext6 0176  
                             __ptext7 021A                               __ptext8 025A  
                             __ptext9 01C6                          __size_of_ISR 00C2  
                    ??_wl_module_init 0013              __end_of_wl_module_config 01A6  
           __size_ofi2_spi_fast_shift 0010                  end_of_initialization 024C  
                       __Lmediumconst 0000                            ??_spi_init 0013  
                  __delay_10ms@length 0013                             _PORTBbits 000F81  
        wl_module_config_register@reg 0015            __end_of_wl_module_get_data 0176  
                           _TRISAbits 000F92                             _TRISBbits 000F93  
                           _TRISCbits 000F94                           __delay_10ms 01C6  
 __end_ofi2_wl_module_config_register 024A           i2_wl_module_config_register 0232  
                 start_initialization 024A                           __end_of_ISR 00CA  
                i2spi_fast_shift@data 0001                       __CFG_nLPBOR$OFF 000000  
             spi_transfer_sync@datain 0015               spi_transfer_sync@length 0017  
              wl_module_get_data@data 0019               __size_of_spi_fast_shift 0010  
                   _spi_transfer_sync 0108                    ?_spi_transfer_sync 0013  
                         __pbssCOMRAM 003E                   ??_spi_transfer_sync 0019  
                    i2_spi_fast_shift 026A                       __CFG_nPWRTEN$ON 000000  
       __size_of_wl_module_data_ready 001C             __end_of_spi_transfer_sync 0140  
                           __pintcode 0008                     __size_of_spi_init 0020  
                   ?_wl_module_config 0001                    ??_wl_module_config 0016  
          ?_wl_module_config_register 0014                              _LATBbits 000F8A  
      wl_module_config_register@value 0014      i2wl_module_config_register@value 0002  
                            _PIR1bits 000F9E                      __CFG_WDTPS$32768 000000  
                          _ADCON0bits 000FC2                     __CFG_CFGPLLEN$OFF 000000  
                         _INTCON2bits 000FF1                           _INTCON3bits 000FF0  
      i2wl_module_config_register@reg 0003                    _wl_module_get_data 0140  
                            __Hrparam 0000                        _spi_fast_shift 025A  
                            __Lrparam 0000                          ?__delay_10ms 0013  
          __size_of_spi_transfer_sync 0038                    __CFG_BOREN$SBORDIS 000000  
                 ?_wl_module_get_data 0019                            _ANSELBbits 000F5C  
__size_ofi2_wl_module_config_register 0018                              __ptext11 0232  
                            __ptext12 026A                          _SSP1CON1bits 000FC6  
                ??_wl_module_get_data 001B               __size_of_wl_module_init 0018  
                       __size_of_main 003A                __end_of_spi_fast_shift 026A  
            __end_ofi2_spi_fast_shift 027A                              _spi_init 01A6  
                            int$flags 003F                              main@data 003D  
                        _SSP1STATbits 000FC7                            _INTCONbits 000FF2  
                            intlevel2 0000                       ?_spi_fast_shift 0001  
                __CFG_CPUDIV$NOCLKDIV 000000          __end_of_wl_module_data_ready 0202  
         ??_wl_module_config_register 0015             __size_of_wl_module_config 0030  
