

Microchip Technology PIC18 LITE Macro Assembler V1.40 build -251452761 
                                                                                               Wed May 24 19:46:11 2017

Microchip Technology Omniscient Code Generator v1.40 (Free mode) build 201612010151
     1                           	processor	18F45K50
     2                           	fnconf	rparam,??,?,0
     3                           	opt	pw 120
     4                           	opt	lm
     5                           	psect	cinit,global,reloc=2,class=CODE,delta=1
     6                           	psect	bssCOMRAM,global,class=COMRAM,space=1,delta=1,noexec
     7                           	psect	cstackBANK0,global,class=BANK0,space=1,delta=1,noexec
     8                           	psect	cstackCOMRAM,global,class=COMRAM,space=1,delta=1,noexec
     9                           	psect	text0,global,reloc=2,class=CODE,delta=1
    10                           	psect	text1,global,reloc=2,class=CODE,delta=1
    11                           	psect	text2,global,reloc=2,class=CODE,delta=1
    12                           	psect	text3,global,reloc=2,class=CODE,delta=1
    13                           	psect	text4,global,reloc=2,class=CODE,delta=1
    14                           	psect	text5,global,reloc=2,class=CODE,delta=1
    15                           	psect	text6,global,reloc=2,class=CODE,delta=1
    16                           	psect	text7,global,reloc=2,class=CODE,delta=1
    17                           	psect	text8,global,reloc=2,class=CODE,delta=1
    18                           	psect	text9,global,reloc=2,class=CODE,delta=1
    19                           	psect	intcode,global,reloc=2,class=CODE,delta=1
    20                           	psect	text11,global,reloc=2,class=CODE,delta=1
    21                           	psect	text12,global,reloc=2,class=CODE,delta=1
    22                           	psect	intsave_regs,global,class=BIGRAM,space=1,delta=1,noexec
    23                           	psect	rparam,global,class=COMRAM,space=1,delta=1,noexec
    24                           	psect	temp,global,ovrld,common,class=COMRAM,space=1,delta=1
    25  0000                     
    26                           ; Version 1.40
    27                           ; Generated 01/12/2016 GMT
    28                           ; 
    29                           ; Copyright © 2016, Microchip Technology Inc. and its subsidiaries ("Microchip")
    30                           ; All rights reserved.
    31                           ; 
    32                           ; This software is developed by Microchip Technology Inc. and its subsidiaries ("Microch
      +                          ip").
    33                           ; 
    34                           ; Redistribution and use in source and binary forms, with or without modification, are
    35                           ; permitted provided that the following conditions are met:
    36                           ; 
    37                           ;     1. Redistributions of source code must retain the above copyright notice, this lis
      +                          t of
    38                           ;        conditions and the following disclaimer.
    39                           ; 
    40                           ;     2. Redistributions in binary form must reproduce the above copyright notice, this 
      +                          list
    41                           ;        of conditions and the following disclaimer in the documentation and/or other
    42                           ;        materials provided with the distribution.
    43                           ; 
    44                           ;     3. Microchip's name may not be used to endorse or promote products derived from th
      +                          is
    45                           ;        software without specific prior written permission.
    46                           ; 
    47                           ; THIS SOFTWARE IS PROVIDED BY MICROCHIP "AS IS" AND ANY EXPRESS OR IMPLIED WARRANTIES,
    48                           ; INCLUDING, BUT NOT LIMITED TO, THE IMPLIED WARRANTIES OF MERCHANTABILITY AND FITNESS F
      +                          OR
    49                           ; PURPOSE ARE DISCLAIMED.  IN NO EVENT SHALL MICROCHIP BE LIABLE FOR ANY DIRECT, INDIREC
      +                          T,
    50                           ; INCIDENTAL, SPECIAL, EXEMPLARY, OR CONSEQUENTIAL DAMAGES (INCLUDING BUT NOT LIMITED TO
    51                           ; PROCUREMENT OF SUBSTITUTE GOODS OR SERVICES; LOSS OF USE, DATA OR PROFITS; OR BUSINESS
    52                           ; INTERRUPTION) HOWSOEVER CAUSED AND ON ANY THEORY OF LIABILITY, WHETHER IN CONTRACT, ST
      +                          RICT
    53                           ; LIABILITY, OR TORT (INCLUDING NEGLIGENCE OR OTHERWISE) ARISING IN ANY WAY OUT OF THE U
      +                          SE OF
    54                           ; THIS SOFTWARE, EVEN IF ADVISED OF THE POSSIBILITY OF SUCH DAMAGE.
    55                           ; 
    56                           ; 
    57                           ; Code-generator required, PIC18F45K50 Definitions
    58                           ; 
    59                           ; SFR Addresses
    60  0000                     _ANSELBbits	set	3932
    61  0000                     _INTCON2bits	set	4081
    62  0000                     _INTCON3bits	set	4080
    63  0000                     _INTCONbits	set	4082
    64  0000                     _LATBbits	set	3978
    65  0000                     _LATD	set	3980
    66  0000                     _PIR1bits	set	3998
    67  0000                     _SSP1BUF	set	4041
    68  0000                     _SSP1CON1bits	set	4038
    69  0000                     _SSP1STATbits	set	4039
    70  0000                     _TRISAbits	set	3986
    71  0000                     _TRISBbits	set	3987
    72  0000                     _TRISCbits	set	3988
    73  0000                     _TRISD	set	3989
    74                           
    75                           ; #config settings
    76  0000                     
    77                           	psect	cinit
    78  00021A                     __pcinit:
    79                           	opt stack 0
    80  00021A                     start_initialization:
    81                           	opt stack 0
    82  00021A                     __initialization:
    83                           	opt stack 0
    84                           
    85                           ; Clear objects allocated to COMRAM (16 bytes)
    86  00021A  EE00  F01C         	lfsr	0,__pbssCOMRAM
    87  00021E  0E10               	movlw	16
    88  000220                     clear_0:
    89  000220  6AEE               	clrf	postinc0,c
    90  000222  06E8               	decf	wreg,f,c
    91  000224  E1FD               	bnz	clear_0
    92  000226                     end_of_initialization:
    93                           	opt stack 0
    94  000226                     __end_of__initialization:
    95                           	opt stack 0
    96  000226  902C               	bcf	int$flags,0,c	;clear compiler interrupt flag (level 1)
    97  000228  922C               	bcf	int$flags,1,c	;clear compiler interrupt flag (level 2)
    98  00022A  0E00               	movlw	low (__Lmediumconst shr (0+16))
    99  00022C  6EF8               	movwf	tblptru,c
   100  00022E  0100               	movlb	0
   101  000230  EF67  F000         	goto	_main	;jump to C main() function
   102                           tblptru	equ	0xFF8
   103                           postinc0	equ	0xFEE
   104                           wreg	equ	0xFE8
   105                           
   106                           	psect	bssCOMRAM
   107  00001C                     __pbssCOMRAM:
   108                           	opt stack 0
   109  00001C                     _received_string:
   110                           	opt stack 0
   111  00001C                     	ds	15
   112  00002B                     _PTX:
   113                           	opt stack 0
   114  00002B                     	ds	1
   115                           tblptru	equ	0xFF8
   116                           postinc0	equ	0xFEE
   117                           wreg	equ	0xFE8
   118                           
   119                           	psect	cstackBANK0
   120  000060                     __pcstackBANK0:
   121                           	opt stack 0
   122  000060                     main@payload:
   123                           	opt stack 0
   124                           
   125                           ; 32 bytes @ 0x0
   126  000060                     	ds	32
   127  000080                     main@nRF_status:
   128                           	opt stack 0
   129                           
   130                           ; 1 bytes @ 0x20
   131  000080                     	ds	1
   132  000081                     main@zaehler:
   133                           	opt stack 0
   134                           
   135                           ; 1 bytes @ 0x21
   136  000081                     	ds	1
   137                           tblptru	equ	0xFF8
   138                           postinc0	equ	0xFEE
   139                           wreg	equ	0xFE8
   140                           
   141                           	psect	cstackCOMRAM
   142  000001                     __pcstackCOMRAM:
   143                           	opt stack 0
   144  000001                     i2spi_fast_shift@data:
   145                           	opt stack 0
   146                           
   147                           ; 1 bytes @ 0x0
   148  000001                     	ds	1
   149  000002                     i2wl_module_config_register@value:
   150                           	opt stack 0
   151                           
   152                           ; 1 bytes @ 0x1
   153  000002                     	ds	1
   154  000003                     i2wl_module_config_register@reg:
   155                           	opt stack 0
   156                           
   157                           ; 1 bytes @ 0x2
   158  000003                     	ds	1
   159  000004                     ??_ISR:
   160                           
   161                           ; 1 bytes @ 0x3
   162  000004                     	ds	14
   163  000012                     ISR@status:
   164                           	opt stack 0
   165                           
   166                           ; 1 bytes @ 0x11
   167  000012                     	ds	1
   168  000013                     spi_fast_shift@data:
   169                           	opt stack 0
   170  000013                     __delay_10ms@length:
   171                           	opt stack 0
   172  000013                     spi_transfer_sync@dataout:
   173                           	opt stack 0
   174                           
   175                           ; 2 bytes @ 0x12
   176  000013                     	ds	1
   177  000014                     wl_module_data_ready@status:
   178                           	opt stack 0
   179  000014                     wl_module_config_register@value:
   180                           	opt stack 0
   181                           
   182                           ; 1 bytes @ 0x13
   183  000014                     	ds	1
   184  000015                     ??__delay_10ms:
   185  000015                     wl_module_config_register@reg:
   186                           	opt stack 0
   187  000015                     spi_transfer_sync@datain:
   188                           	opt stack 0
   189                           
   190                           ; 2 bytes @ 0x14
   191  000015                     	ds	1
   192  000016                     
   193                           ; 1 bytes @ 0x15
   194  000016                     	ds	1
   195  000017                     spi_transfer_sync@length:
   196                           	opt stack 0
   197                           
   198                           ; 2 bytes @ 0x16
   199  000017                     	ds	2
   200  000019                     wl_module_get_data@data:
   201                           	opt stack 0
   202                           
   203                           ; 2 bytes @ 0x18
   204  000019                     	ds	2
   205  00001B                     wl_module_get_data@status:
   206                           	opt stack 0
   207                           
   208                           ; 1 bytes @ 0x1A
   209  00001B                     	ds	1
   210  00001C                     tblptru	equ	0xFF8
   211                           postinc0	equ	0xFEE
   212                           wreg	equ	0xFE8
   213                           
   214                           ; 1 bytes @ 0x1B
   215 ;;
   216 ;;Main: autosize = 0, tempsize = 0, incstack = 0, save=0
   217 ;;
   218 ;; *************** function _main *****************
   219 ;; Defined at:
   220 ;;		line 37 in file "main.c"
   221 ;; Parameters:    Size  Location     Type
   222 ;;		None
   223 ;; Auto vars:     Size  Location     Type
   224 ;;  payload        32    0[BANK0 ] unsigned char [32]
   225 ;;  zaehler         1   33[BANK0 ] unsigned char 
   226 ;;  nRF_status      1   32[BANK0 ] unsigned char 
   227 ;; Return value:  Size  Location     Type
   228 ;;                  2   36[None  ] int 
   229 ;; Registers used:
   230 ;;		wreg, fsr2l, fsr2h, status,2, status,0, cstack
   231 ;; Tracked objects:
   232 ;;		On entry : 0/0
   233 ;;		On exit  : 0/0
   234 ;;		Unchanged: 0/0
   235 ;; Data sizes:     COMRAM   BANK0   BANK1   BANK2   BANK3   BANK4   BANK5   BANK6   BANK7
   236 ;;      Params:         0       0       0       0       0       0       0       0       0
   237 ;;      Locals:         0      34       0       0       0       0       0       0       0
   238 ;;      Temps:          0       0       0       0       0       0       0       0       0
   239 ;;      Totals:         0      34       0       0       0       0       0       0       0
   240 ;;Total ram usage:       34 bytes
   241 ;; Hardware stack levels required when called:    6
   242 ;; This function calls:
   243 ;;		__delay_10ms
   244 ;;		_wl_module_config
   245 ;;		_wl_module_data_ready
   246 ;;		_wl_module_get_data
   247 ;;		_wl_module_init
   248 ;; This function is called by:
   249 ;;		Startup code after reset
   250 ;; This function uses a non-reentrant model
   251 ;;
   252                           
   253                           	psect	text0
   254  0000CE                     __ptext0:
   255                           	opt stack 0
   256  0000CE                     _main:
   257                           	opt stack 25
   258                           
   259                           ;main.c: 38: unsigned char payload[32];
   260                           ;main.c: 39: unsigned char nRF_status;
   261                           ;main.c: 40: unsigned char zaehler = 0;
   262                           
   263                           ;incstack = 0
   264  0000CE  0E00               	movlw	0
   265  0000D0  0100               	movlb	0	; () banked
   266  0000D2  6F81               	movwf	main@zaehler& (0+255),b
   267                           
   268                           ; BSR set to: 0
   269                           ;main.c: 42: wl_module_init();
   270  0000D4  EC1A  F001         	call	_wl_module_init	;wreg free
   271                           
   272                           ;main.c: 43: _delay_10ms(5);
   273  0000D8  0E00               	movlw	0
   274  0000DA  6E14               	movwf	__delay_10ms@length+1,c
   275  0000DC  0E05               	movlw	5
   276  0000DE  6E13               	movwf	__delay_10ms@length,c
   277  0000E0  ECEF  F000         	call	__delay_10ms	;wreg free
   278                           
   279                           ;main.c: 46: TRISD &= ~(0x0F);
   280  0000E4  0EF0               	movlw	240
   281  0000E6  1695               	andwf	3989,f,c	;volatile
   282                           
   283                           ;main.c: 47: LATD |= 0x0F;
   284  0000E8  0E0F               	movlw	15
   285  0000EA  128C               	iorwf	3980,f,c	;volatile
   286                           
   287                           ;main.c: 49: INTCONbits.PEIE = 1;
   288  0000EC  8CF2               	bsf	intcon,6,c	;volatile
   289                           
   290                           ;main.c: 50: INTCONbits.GIE = 1;
   291  0000EE  8EF2               	bsf	intcon,7,c	;volatile
   292                           
   293                           ;main.c: 52: wl_module_config();
   294  0000F0  ECC7  F000         	call	_wl_module_config	;wreg free
   295  0000F4                     l1623:
   296  0000F4  ECFF  F000         	call	_wl_module_data_ready	;wreg free
   297  0000F8  0900               	iorlw	0
   298  0000FA  B4D8               	btfsc	status,2,c
   299  0000FC  D7FB               	goto	l1623
   300                           
   301                           ;main.c: 56: nRF_status = wl_module_get_data(payload);
   302  0000FE  0E60               	movlw	low main@payload
   303  000100  6E19               	movwf	wl_module_get_data@data,c
   304  000102  0E00               	movlw	high main@payload
   305  000104  6E1A               	movwf	wl_module_get_data@data+1,c
   306  000106  ECAC  F000         	call	_wl_module_get_data	;wreg free
   307  00010A  0100               	movlb	0	; () banked
   308  00010C  6F80               	movwf	main@nRF_status& (0+255),b
   309                           
   310                           ; BSR set to: 0
   311                           ;main.c: 57: zaehler = payload[0];
   312  00010E  C060  F081         	movff	main@payload,main@zaehler
   313                           
   314                           ; BSR set to: 0
   315                           ;main.c: 58: LATD |= 0x0F;
   316  000112  0E0F               	movlw	15
   317  000114  128C               	iorwf	3980,f,c	;volatile
   318                           
   319                           ; BSR set to: 0
   320                           ;main.c: 59: LATD &= ~(payload[0]);
   321  000116  0100               	movlb	0	; () banked
   322  000118  5160               	movf	main@payload& (0+255),w,b
   323  00011A  0AFF               	xorlw	255
   324  00011C  168C               	andwf	3980,f,c	;volatile
   325                           
   326                           ; BSR set to: 0
   327  00011E  D7EA               	goto	l1623
   328  000120                     __end_of_main:
   329                           	opt stack 0
   330                           tblptru	equ	0xFF8
   331                           intcon	equ	0xFF2
   332                           postinc0	equ	0xFEE
   333                           wreg	equ	0xFE8
   334                           status	equ	0xFD8
   335                           
   336 ;; *************** function _wl_module_init *****************
   337 ;; Defined at:
   338 ;;		line 23 in file "wl_module.c"
   339 ;; Parameters:    Size  Location     Type
   340 ;;		None
   341 ;; Auto vars:     Size  Location     Type
   342 ;;		None
   343 ;; Return value:  Size  Location     Type
   344 ;;                  1    wreg      void 
   345 ;; Registers used:
   346 ;;		cstack
   347 ;; Tracked objects:
   348 ;;		On entry : 0/0
   349 ;;		On exit  : 0/0
   350 ;;		Unchanged: 0/0
   351 ;; Data sizes:     COMRAM   BANK0   BANK1   BANK2   BANK3   BANK4   BANK5   BANK6   BANK7
   352 ;;      Params:         0       0       0       0       0       0       0       0       0
   353 ;;      Locals:         0       0       0       0       0       0       0       0       0
   354 ;;      Temps:          0       0       0       0       0       0       0       0       0
   355 ;;      Totals:         0       0       0       0       0       0       0       0       0
   356 ;;Total ram usage:        0 bytes
   357 ;; Hardware stack levels used:    1
   358 ;; Hardware stack levels required when called:    4
   359 ;; This function calls:
   360 ;;		_spi_init
   361 ;; This function is called by:
   362 ;;		_main
   363 ;; This function uses a non-reentrant model
   364 ;;
   365                           
   366                           	psect	text1
   367  000234                     __ptext1:
   368                           	opt stack 0
   369  000234                     _wl_module_init:
   370                           	opt stack 26
   371                           
   372                           ;wl_module.c: 28: TRISBbits.TRISB4 = 0;
   373                           
   374                           ; BSR set to: 0
   375                           ;incstack = 0
   376  000234  9893               	bcf	3987,4,c	;volatile
   377                           
   378                           ;wl_module.c: 29: TRISBbits.TRISB3 = 0;
   379  000236  9693               	bcf	3987,3,c	;volatile
   380                           
   381                           ;wl_module.c: 30: LATBbits.LATB3 = 0;;
   382  000238  968A               	bcf	3978,3,c	;volatile
   383                           
   384                           ;wl_module.c: 31: LATBbits.LATB4 = 1;;
   385  00023A  888A               	bsf	3978,4,c	;volatile
   386                           
   387                           ;wl_module.c: 34: ANSELBbits.ANSB2 = 0;
   388  00023C  010F               	movlb	15	; () banked
   389  00023E  955C               	bcf	92,2,b	;volatile
   390                           
   391                           ;wl_module.c: 35: TRISBbits.TRISB2 = 1;
   392  000240  8493               	bsf	3987,2,c	;volatile
   393                           
   394                           ;wl_module.c: 36: INTCON2bits.INTEDG2 = 0;
   395  000242  98F1               	bcf	intcon2,4,c	;volatile
   396                           
   397                           ;wl_module.c: 37: INTCON3bits.INT2IE = 1;
   398  000244  88F0               	bsf	intcon3,4,c	;volatile
   399                           
   400                           ; BSR set to: 15
   401                           ;wl_module.c: 40: spi_init();
   402  000246  ECDF  F000         	call	_spi_init	;wreg free
   403  00024A  0012               	return		;funcret
   404  00024C                     __end_of_wl_module_init:
   405                           	opt stack 0
   406                           tblptru	equ	0xFF8
   407                           intcon	equ	0xFF2
   408                           intcon2	equ	0xFF1
   409                           intcon3	equ	0xFF0
   410                           postinc0	equ	0xFEE
   411                           wreg	equ	0xFE8
   412                           status	equ	0xFD8
   413                           
   414 ;; *************** function _spi_init *****************
   415 ;; Defined at:
   416 ;;		line 12 in file "spi.c"
   417 ;; Parameters:    Size  Location     Type
   418 ;;		None
   419 ;; Auto vars:     Size  Location     Type
   420 ;;		None
   421 ;; Return value:  Size  Location     Type
   422 ;;                  1    wreg      void 
   423 ;; Registers used:
   424 ;;		None
   425 ;; Tracked objects:
   426 ;;		On entry : 0/0
   427 ;;		On exit  : 0/0
   428 ;;		Unchanged: 0/0
   429 ;; Data sizes:     COMRAM   BANK0   BANK1   BANK2   BANK3   BANK4   BANK5   BANK6   BANK7
   430 ;;      Params:         0       0       0       0       0       0       0       0       0
   431 ;;      Locals:         0       0       0       0       0       0       0       0       0
   432 ;;      Temps:          0       0       0       0       0       0       0       0       0
   433 ;;      Totals:         0       0       0       0       0       0       0       0       0
   434 ;;Total ram usage:        0 bytes
   435 ;; Hardware stack levels used:    1
   436 ;; Hardware stack levels required when called:    3
   437 ;; This function calls:
   438 ;;		Nothing
   439 ;; This function is called by:
   440 ;;		_wl_module_init
   441 ;; This function uses a non-reentrant model
   442 ;;
   443                           
   444                           	psect	text2
   445  0001BE                     __ptext2:
   446                           	opt stack 0
   447  0001BE                     _spi_init:
   448                           	opt stack 26
   449                           
   450                           ;spi.c: 14: SSP1CON1bits.SSPEN = 0;
   451                           
   452                           ;incstack = 0
   453  0001BE  9AC6               	bcf	4038,5,c	;volatile
   454                           
   455                           ;spi.c: 16: TRISBbits.TRISB0 = 1;
   456  0001C0  8093               	bsf	3987,0,c	;volatile
   457                           
   458                           ;spi.c: 19: ANSELBbits.ANSB0 =0;
   459  0001C2  010F               	movlb	15	; () banked
   460  0001C4  915C               	bcf	92,0,b	;volatile
   461                           
   462                           ;spi.c: 21: TRISAbits.TRISA5 = 1;
   463  0001C6  8A92               	bsf	3986,5,c	;volatile
   464                           
   465                           ;spi.c: 25: TRISCbits.TRISC7 = 0;
   466  0001C8  9E94               	bcf	3988,7,c	;volatile
   467                           
   468                           ;spi.c: 27: TRISCbits.TRISC6 = 0;
   469  0001CA  9C94               	bcf	3988,6,c	;volatile
   470                           
   471                           ;spi.c: 31: SSP1CON1bits.CKP = 0;
   472  0001CC  98C6               	bcf	4038,4,c	;volatile
   473                           
   474                           ;spi.c: 32: SSP1STATbits.CKE = 1;
   475  0001CE  8CC7               	bsf	4039,6,c	;volatile
   476                           
   477                           ;spi.c: 33: SSP1STATbits.SMP = 1;
   478  0001D0  8EC7               	bsf	4039,7,c	;volatile
   479                           
   480                           ;spi.c: 34: SSP1CON1bits.SSPM = 0;
   481  0001D2  90C6               	bcf	4038,0,c	;volatile
   482  0001D4  92C6               	bcf	4038,1,c	;volatile
   483  0001D6  94C6               	bcf	4038,2,c	;volatile
   484  0001D8  96C6               	bcf	4038,3,c	;volatile
   485                           
   486                           ;spi.c: 35: SSP1CON1bits.SSPEN = 1;
   487  0001DA  8AC6               	bsf	4038,5,c	;volatile
   488                           
   489                           ; BSR set to: 15
   490  0001DC  0012               	return		;funcret
   491  0001DE                     __end_of_spi_init:
   492                           	opt stack 0
   493                           tblptru	equ	0xFF8
   494                           intcon	equ	0xFF2
   495                           intcon2	equ	0xFF1
   496                           intcon3	equ	0xFF0
   497                           postinc0	equ	0xFEE
   498                           wreg	equ	0xFE8
   499                           status	equ	0xFD8
   500                           
   501 ;; *************** function _wl_module_get_data *****************
   502 ;; Defined at:
   503 ;;		line 405 in file "wl_module.c"
   504 ;; Parameters:    Size  Location     Type
   505 ;;  data            2   24[COMRAM] PTR unsigned char 
   506 ;;		 -> main@payload(32), 
   507 ;; Auto vars:     Size  Location     Type
   508 ;;  status          1   26[COMRAM] unsigned char 
   509 ;; Return value:  Size  Location     Type
   510 ;;                  1    wreg      unsigned char 
   511 ;; Registers used:
   512 ;;		wreg, fsr2l, fsr2h, status,2, status,0, cstack
   513 ;; Tracked objects:
   514 ;;		On entry : 0/0
   515 ;;		On exit  : 0/0
   516 ;;		Unchanged: 0/0
   517 ;; Data sizes:     COMRAM   BANK0   BANK1   BANK2   BANK3   BANK4   BANK5   BANK6   BANK7
   518 ;;      Params:         2       0       0       0       0       0       0       0       0
   519 ;;      Locals:         1       0       0       0       0       0       0       0       0
   520 ;;      Temps:          0       0       0       0       0       0       0       0       0
   521 ;;      Totals:         3       0       0       0       0       0       0       0       0
   522 ;;Total ram usage:        3 bytes
   523 ;; Hardware stack levels used:    1
   524 ;; Hardware stack levels required when called:    5
   525 ;; This function calls:
   526 ;;		_spi_fast_shift
   527 ;;		_spi_transfer_sync
   528 ;;		_wl_module_config_register
   529 ;; This function is called by:
   530 ;;		_main
   531 ;; This function uses a non-reentrant model
   532 ;;
   533                           
   534                           	psect	text3
   535  000158                     __ptext3:
   536                           	opt stack 0
   537  000158                     _wl_module_get_data:
   538                           	opt stack 25
   539                           
   540                           ;wl_module.c: 408: unsigned char status;
   541                           ;wl_module.c: 409: LATBbits.LATB4 = 0;;
   542                           
   543                           ; BSR set to: 15
   544                           ;incstack = 0
   545  000158  988A               	bcf	3978,4,c	;volatile
   546                           
   547                           ;wl_module.c: 410: status = spi_fast_shift( 0x61 );
   548  00015A  0E61               	movlw	97
   549  00015C  EC3E  F001         	call	_spi_fast_shift
   550  000160  6E1B               	movwf	wl_module_get_data@status,c
   551                           
   552                           ;wl_module.c: 411: spi_transfer_sync(data,data,32);
   553  000162  C019  F013         	movff	wl_module_get_data@data,spi_transfer_sync@dataout
   554  000166  C01A  F014         	movff	wl_module_get_data@data+1,spi_transfer_sync@dataout+1
   555  00016A  C019  F015         	movff	wl_module_get_data@data,spi_transfer_sync@datain
   556  00016E  C01A  F016         	movff	wl_module_get_data@data+1,spi_transfer_sync@datain+1
   557  000172  0E00               	movlw	0
   558  000174  6E18               	movwf	spi_transfer_sync@length+1,c
   559  000176  0E20               	movlw	32
   560  000178  6E17               	movwf	spi_transfer_sync@length,c
   561  00017A  EC90  F000         	call	_spi_transfer_sync	;wreg free
   562                           
   563                           ;wl_module.c: 412: LATBbits.LATB4 = 1;;
   564  00017E  888A               	bsf	3978,4,c	;volatile
   565                           
   566                           ;wl_module.c: 413: wl_module_config_register(0x07,(1<<6));
   567  000180  0E40               	movlw	64
   568  000182  6E14               	movwf	wl_module_config_register@value,c
   569  000184  0E07               	movlw	7
   570  000186  EC26  F001         	call	_wl_module_config_register
   571                           
   572                           ;wl_module.c: 414: return status;
   573  00018A  501B               	movf	wl_module_get_data@status,w,c
   574  00018C  0012               	return	
   575  00018E                     __end_of_wl_module_get_data:
   576                           	opt stack 0
   577                           tblptru	equ	0xFF8
   578                           intcon	equ	0xFF2
   579                           intcon2	equ	0xFF1
   580                           intcon3	equ	0xFF0
   581                           postinc0	equ	0xFEE
   582                           wreg	equ	0xFE8
   583                           status	equ	0xFD8
   584                           
   585 ;; *************** function _spi_transfer_sync *****************
   586 ;; Defined at:
   587 ;;		line 50 in file "spi.c"
   588 ;; Parameters:    Size  Location     Type
   589 ;;  dataout         2   18[COMRAM] PTR unsigned char 
   590 ;;		 -> wl_module_get_arc_cnt@data(1), wl_module_get_plos_cnt@data(1), wl_module_get_rf_setup@data(1), wl_module_get_rf_
      +ch@data(1), 
   591 ;;		 -> wl_module_fifo_rx_empty@data(1), wl_module_fifo_tx_empty@data(1), wl_module_get_rx_pw@data(1), wl_module_power_d
      +own@config(1), 
   592 ;;		 -> wl_module_set_as_tx@config(1), main@payload(32), 
   593 ;;  datain          2   20[COMRAM] PTR unsigned char 
   594 ;;		 -> wl_module_get_arc_cnt@data(1), wl_module_get_plos_cnt@data(1), wl_module_get_rf_setup@data(1), wl_module_get_rf_
      +ch@data(1), 
   595 ;;		 -> wl_module_fifo_rx_empty@data(1), wl_module_fifo_tx_empty@data(1), wl_module_get_rx_pw@data(1), wl_module_power_d
      +own@config(1), 
   596 ;;		 -> wl_module_set_as_tx@config(1), main@payload(32), 
   597 ;;  length          2   22[COMRAM] unsigned int 
   598 ;; Auto vars:     Size  Location     Type
   599 ;;		None
   600 ;; Return value:  Size  Location     Type
   601 ;;                  1    wreg      void 
   602 ;; Registers used:
   603 ;;		wreg, fsr2l, fsr2h, status,2, status,0
   604 ;; Tracked objects:
   605 ;;		On entry : 0/0
   606 ;;		On exit  : 0/0
   607 ;;		Unchanged: 0/0
   608 ;; Data sizes:     COMRAM   BANK0   BANK1   BANK2   BANK3   BANK4   BANK5   BANK6   BANK7
   609 ;;      Params:         6       0       0       0       0       0       0       0       0
   610 ;;      Locals:         0       0       0       0       0       0       0       0       0
   611 ;;      Temps:          0       0       0       0       0       0       0       0       0
   612 ;;      Totals:         6       0       0       0       0       0       0       0       0
   613 ;;Total ram usage:        6 bytes
   614 ;; Hardware stack levels used:    1
   615 ;; Hardware stack levels required when called:    3
   616 ;; This function calls:
   617 ;;		Nothing
   618 ;; This function is called by:
   619 ;;		_wl_module_get_data
   620 ;;		_wl_module_read_register
   621 ;; This function uses a non-reentrant model
   622 ;;
   623                           
   624                           	psect	text4
   625  000120                     __ptext4:
   626                           	opt stack 0
   627  000120                     _spi_transfer_sync:
   628                           	opt stack 26
   629                           
   630                           ;spi.c: 51: while(length){
   631                           
   632                           ;incstack = 0
   633  000120  D016               	goto	l1559
   634  000122                     l1549:
   635                           
   636                           ;spi.c: 52: SSP1BUF = *dataout;
   637  000122  C013  FFD9         	movff	spi_transfer_sync@dataout,fsr2l
   638  000126  C014  FFDA         	movff	spi_transfer_sync@dataout+1,fsr2h
   639  00012A  50DF               	movf	indf2,w,c
   640  00012C  6EC9               	movwf	4041,c	;volatile
   641  00012E                     l83:
   642  00012E  A69E               	btfss	3998,3,c	;volatile
   643  000130  D7FE               	goto	l83
   644                           
   645                           ;spi.c: 54: PIR1bits.SSP1IF = 0;
   646  000132  969E               	bcf	3998,3,c	;volatile
   647                           
   648                           ;spi.c: 55: *datain = SSP1BUF;
   649  000134  C015  FFD9         	movff	spi_transfer_sync@datain,fsr2l
   650  000138  C016  FFDA         	movff	spi_transfer_sync@datain+1,fsr2h
   651  00013C  CFC9 FFDF          	movff	4041,indf2	;volatile
   652                           
   653                           ;spi.c: 56: length--;
   654  000140  0617               	decf	spi_transfer_sync@length,f,c
   655  000142  A0D8               	btfss	status,0,c
   656  000144  0618               	decf	spi_transfer_sync@length+1,f,c
   657                           
   658                           ;spi.c: 57: dataout++;
   659  000146  4A13               	infsnz	spi_transfer_sync@dataout,f,c
   660  000148  2A14               	incf	spi_transfer_sync@dataout+1,f,c
   661                           
   662                           ;spi.c: 58: datain++;
   663  00014A  4A15               	infsnz	spi_transfer_sync@datain,f,c
   664  00014C  2A16               	incf	spi_transfer_sync@datain+1,f,c
   665  00014E                     l1559:
   666  00014E  5017               	movf	spi_transfer_sync@length,w,c
   667  000150  1018               	iorwf	spi_transfer_sync@length+1,w,c
   668  000152  B4D8               	btfsc	status,2,c
   669  000154  0012               	return	
   670  000156  D7E5               	goto	l1549
   671  000158                     __end_of_spi_transfer_sync:
   672                           	opt stack 0
   673                           tblptru	equ	0xFF8
   674                           intcon	equ	0xFF2
   675                           intcon2	equ	0xFF1
   676                           intcon3	equ	0xFF0
   677                           postinc0	equ	0xFEE
   678                           wreg	equ	0xFE8
   679                           indf2	equ	0xFDF
   680                           fsr2h	equ	0xFDA
   681                           fsr2l	equ	0xFD9
   682                           status	equ	0xFD8
   683                           
   684 ;; *************** function _wl_module_data_ready *****************
   685 ;; Defined at:
   686 ;;		line 307 in file "wl_module.c"
   687 ;; Parameters:    Size  Location     Type
   688 ;;		None
   689 ;; Auto vars:     Size  Location     Type
   690 ;;  status          1   19[COMRAM] unsigned char 
   691 ;; Return value:  Size  Location     Type
   692 ;;                  1    wreg      unsigned char 
   693 ;; Registers used:
   694 ;;		wreg, status,2, status,0, cstack
   695 ;; Tracked objects:
   696 ;;		On entry : 0/0
   697 ;;		On exit  : 0/0
   698 ;;		Unchanged: 0/0
   699 ;; Data sizes:     COMRAM   BANK0   BANK1   BANK2   BANK3   BANK4   BANK5   BANK6   BANK7
   700 ;;      Params:         0       0       0       0       0       0       0       0       0
   701 ;;      Locals:         1       0       0       0       0       0       0       0       0
   702 ;;      Temps:          0       0       0       0       0       0       0       0       0
   703 ;;      Totals:         1       0       0       0       0       0       0       0       0
   704 ;;Total ram usage:        1 bytes
   705 ;; Hardware stack levels used:    1
   706 ;; Hardware stack levels required when called:    4
   707 ;; This function calls:
   708 ;;		_spi_fast_shift
   709 ;; This function is called by:
   710 ;;		_main
   711 ;; This function uses a non-reentrant model
   712 ;;
   713                           
   714                           	psect	text5
   715  0001FE                     __ptext5:
   716                           	opt stack 0
   717  0001FE                     _wl_module_data_ready:
   718                           	opt stack 26
   719                           
   720                           ;wl_module.c: 310: if (PTX) return 0;
   721                           
   722                           ;incstack = 0
   723  0001FE  502B               	movf	_PTX,w,c	;volatile
   724  000200  B4D8               	btfsc	status,2,c
   725  000202  D002               	goto	l197
   726  000204  0E00               	movlw	0
   727  000206  0012               	return	
   728  000208                     l197:
   729                           
   730                           ;wl_module.c: 311: unsigned char status;
   731                           ;wl_module.c: 313: LATBbits.LATB4 = 0;;
   732  000208  988A               	bcf	3978,4,c	;volatile
   733                           
   734                           ;wl_module.c: 314: status = spi_fast_shift(0xFF);
   735  00020A  0EFF               	movlw	255
   736  00020C  EC3E  F001         	call	_spi_fast_shift
   737  000210  6E14               	movwf	wl_module_data_ready@status,c
   738                           
   739                           ;wl_module.c: 315: LATBbits.LATB4 = 1;;
   740  000212  888A               	bsf	3978,4,c	;volatile
   741                           
   742                           ;wl_module.c: 316: return status & (1<<6);
   743  000214  5014               	movf	wl_module_data_ready@status,w,c
   744  000216  0B40               	andlw	64
   745  000218  0012               	return	
   746  00021A                     __end_of_wl_module_data_ready:
   747                           	opt stack 0
   748                           tblptru	equ	0xFF8
   749                           intcon	equ	0xFF2
   750                           intcon2	equ	0xFF1
   751                           intcon3	equ	0xFF0
   752                           postinc0	equ	0xFEE
   753                           wreg	equ	0xFE8
   754                           indf2	equ	0xFDF
   755                           fsr2h	equ	0xFDA
   756                           fsr2l	equ	0xFD9
   757                           status	equ	0xFD8
   758                           
   759 ;; *************** function _wl_module_config *****************
   760 ;; Defined at:
   761 ;;		line 44 in file "wl_module.c"
   762 ;; Parameters:    Size  Location     Type
   763 ;;		None
   764 ;; Auto vars:     Size  Location     Type
   765 ;;		None
   766 ;; Return value:  Size  Location     Type
   767 ;;                  1    wreg      void 
   768 ;; Registers used:
   769 ;;		wreg, status,2, status,0, cstack
   770 ;; Tracked objects:
   771 ;;		On entry : 0/0
   772 ;;		On exit  : 0/0
   773 ;;		Unchanged: 0/0
   774 ;; Data sizes:     COMRAM   BANK0   BANK1   BANK2   BANK3   BANK4   BANK5   BANK6   BANK7
   775 ;;      Params:         0       0       0       0       0       0       0       0       0
   776 ;;      Locals:         0       0       0       0       0       0       0       0       0
   777 ;;      Temps:          0       0       0       0       0       0       0       0       0
   778 ;;      Totals:         0       0       0       0       0       0       0       0       0
   779 ;;Total ram usage:        0 bytes
   780 ;; Hardware stack levels used:    1
   781 ;; Hardware stack levels required when called:    5
   782 ;; This function calls:
   783 ;;		_wl_module_config_register
   784 ;; This function is called by:
   785 ;;		_main
   786 ;; This function uses a non-reentrant model
   787 ;;
   788                           
   789                           	psect	text6
   790  00018E                     __ptext6:
   791                           	opt stack 0
   792  00018E                     _wl_module_config:
   793                           	opt stack 25
   794                           
   795                           ;wl_module.c: 49: wl_module_config_register(0x05,2);
   796                           
   797                           ;incstack = 0
   798  00018E  0E02               	movlw	2
   799  000190  6E14               	movwf	wl_module_config_register@value,c
   800  000192  0E05               	movlw	5
   801  000194  EC26  F001         	call	_wl_module_config_register
   802                           
   803                           ;wl_module.c: 51: wl_module_config_register(0x06,(0x06 | 0x20));
   804  000198  0E26               	movlw	38
   805  00019A  6E14               	movwf	wl_module_config_register@value,c
   806  00019C  0E06               	movlw	6
   807  00019E  EC26  F001         	call	_wl_module_config_register
   808                           
   809                           ;wl_module.c: 53: wl_module_config_register(0x11, 32);
   810  0001A2  0E20               	movlw	32
   811  0001A4  6E14               	movwf	wl_module_config_register@value,c
   812  0001A6  0E11               	movlw	17
   813  0001A8  EC26  F001         	call	_wl_module_config_register
   814                           
   815                           ;wl_module.c: 56: PTX = 0;
   816  0001AC  0E00               	movlw	0
   817  0001AE  6E2B               	movwf	_PTX,c	;volatile
   818                           
   819                           ;wl_module.c: 57: wl_module_config_register(0x00, ( (1<<6) | (1<<3) | (1<<2) ) | ( (1<<1
      +                          ) | (1<<0) ) );
   820  0001B0  0E4F               	movlw	79
   821  0001B2  6E14               	movwf	wl_module_config_register@value,c
   822  0001B4  0E00               	movlw	0
   823  0001B6  EC26  F001         	call	_wl_module_config_register
   824                           
   825                           ;wl_module.c: 58: LATBbits.LATB3 = 1;;
   826  0001BA  868A               	bsf	3978,3,c	;volatile
   827  0001BC  0012               	return		;funcret
   828  0001BE                     __end_of_wl_module_config:
   829                           	opt stack 0
   830                           tblptru	equ	0xFF8
   831                           intcon	equ	0xFF2
   832                           intcon2	equ	0xFF1
   833                           intcon3	equ	0xFF0
   834                           postinc0	equ	0xFEE
   835                           wreg	equ	0xFE8
   836                           indf2	equ	0xFDF
   837                           fsr2h	equ	0xFDA
   838                           fsr2l	equ	0xFD9
   839                           status	equ	0xFD8
   840                           
   841 ;; *************** function _wl_module_config_register *****************
   842 ;; Defined at:
   843 ;;		line 417 in file "wl_module.c"
   844 ;; Parameters:    Size  Location     Type
   845 ;;  reg             1    wreg     unsigned char 
   846 ;;  value           1   19[COMRAM] unsigned char 
   847 ;; Auto vars:     Size  Location     Type
   848 ;;  reg             1   20[COMRAM] unsigned char 
   849 ;; Return value:  Size  Location     Type
   850 ;;                  1    wreg      void 
   851 ;; Registers used:
   852 ;;		wreg, status,2, status,0, cstack
   853 ;; Tracked objects:
   854 ;;		On entry : 0/0
   855 ;;		On exit  : 0/0
   856 ;;		Unchanged: 0/0
   857 ;; Data sizes:     COMRAM   BANK0   BANK1   BANK2   BANK3   BANK4   BANK5   BANK6   BANK7
   858 ;;      Params:         1       0       0       0       0       0       0       0       0
   859 ;;      Locals:         1       0       0       0       0       0       0       0       0
   860 ;;      Temps:          0       0       0       0       0       0       0       0       0
   861 ;;      Totals:         2       0       0       0       0       0       0       0       0
   862 ;;Total ram usage:        2 bytes
   863 ;; Hardware stack levels used:    1
   864 ;; Hardware stack levels required when called:    4
   865 ;; This function calls:
   866 ;;		_spi_fast_shift
   867 ;; This function is called by:
   868 ;;		_wl_module_config
   869 ;;		_wl_module_get_data
   870 ;;		_wl_module_rx_config
   871 ;;		_wl_module_tx_config
   872 ;;		_wl_module_send
   873 ;; This function uses a non-reentrant model
   874 ;;
   875                           
   876                           	psect	text7
   877  00024C                     __ptext7:
   878                           	opt stack 0
   879  00024C                     _wl_module_config_register:
   880                           	opt stack 25
   881                           
   882                           ;incstack = 0
   883                           ;wl_module_config_register@reg stored from wreg
   884  00024C  6E15               	movwf	wl_module_config_register@reg,c
   885                           
   886                           ;wl_module.c: 420: LATBbits.LATB4 = 0;;
   887  00024E  988A               	bcf	3978,4,c	;volatile
   888                           
   889                           ;wl_module.c: 421: spi_fast_shift(0x20 | (0x1F & reg));
   890  000250  5015               	movf	wl_module_config_register@reg,w,c
   891  000252  0B1F               	andlw	31
   892  000254  0920               	iorlw	32
   893  000256  EC3E  F001         	call	_spi_fast_shift
   894                           
   895                           ;wl_module.c: 422: spi_fast_shift(value);
   896  00025A  5014               	movf	wl_module_config_register@value,w,c
   897  00025C  EC3E  F001         	call	_spi_fast_shift
   898                           
   899                           ;wl_module.c: 423: LATBbits.LATB4 = 1;;
   900  000260  888A               	bsf	3978,4,c	;volatile
   901  000262  0012               	return		;funcret
   902  000264                     __end_of_wl_module_config_register:
   903                           	opt stack 0
   904                           tblptru	equ	0xFF8
   905                           intcon	equ	0xFF2
   906                           intcon2	equ	0xFF1
   907                           intcon3	equ	0xFF0
   908                           postinc0	equ	0xFEE
   909                           wreg	equ	0xFE8
   910                           indf2	equ	0xFDF
   911                           fsr2h	equ	0xFDA
   912                           fsr2l	equ	0xFD9
   913                           status	equ	0xFD8
   914                           
   915 ;; *************** function _spi_fast_shift *****************
   916 ;; Defined at:
   917 ;;		line 62 in file "spi.c"
   918 ;; Parameters:    Size  Location     Type
   919 ;;  data            1    wreg     unsigned char 
   920 ;; Auto vars:     Size  Location     Type
   921 ;;  data            1   18[COMRAM] unsigned char 
   922 ;; Return value:  Size  Location     Type
   923 ;;                  1    wreg      unsigned char 
   924 ;; Registers used:
   925 ;;		wreg, status,2
   926 ;; Tracked objects:
   927 ;;		On entry : 0/0
   928 ;;		On exit  : 0/0
   929 ;;		Unchanged: 0/0
   930 ;; Data sizes:     COMRAM   BANK0   BANK1   BANK2   BANK3   BANK4   BANK5   BANK6   BANK7
   931 ;;      Params:         0       0       0       0       0       0       0       0       0
   932 ;;      Locals:         1       0       0       0       0       0       0       0       0
   933 ;;      Temps:          0       0       0       0       0       0       0       0       0
   934 ;;      Totals:         1       0       0       0       0       0       0       0       0
   935 ;;Total ram usage:        1 bytes
   936 ;; Hardware stack levels used:    1
   937 ;; Hardware stack levels required when called:    3
   938 ;; This function calls:
   939 ;;		Nothing
   940 ;; This function is called by:
   941 ;;		_wl_module_data_ready
   942 ;;		_wl_module_get_data
   943 ;;		_wl_module_config_register
   944 ;;		_wl_module_get_one_byte
   945 ;;		_wl_module_read_register
   946 ;;		_wl_module_write_register
   947 ;;		_wl_module_send
   948 ;; This function uses a non-reentrant model
   949 ;;
   950                           
   951                           	psect	text8
   952  00027C                     __ptext8:
   953                           	opt stack 0
   954  00027C                     _spi_fast_shift:
   955                           	opt stack 25
   956                           
   957                           ;incstack = 0
   958                           ;spi_fast_shift@data stored from wreg
   959  00027C  6E13               	movwf	spi_fast_shift@data,c
   960                           
   961                           ;spi.c: 63: SSP1BUF = data;
   962  00027E  C013  FFC9         	movff	spi_fast_shift@data,4041	;volatile
   963  000282                     l90:
   964  000282  A69E               	btfss	3998,3,c	;volatile
   965  000284  D7FE               	goto	l90
   966                           
   967                           ;spi.c: 65: PIR1bits.SSP1IF = 0;
   968  000286  969E               	bcf	3998,3,c	;volatile
   969                           
   970                           ;spi.c: 66: return SSP1BUF;
   971  000288  50C9               	movf	4041,w,c	;volatile
   972  00028A  0012               	return		;funcret
   973  00028C                     __end_of_spi_fast_shift:
   974                           	opt stack 0
   975                           tblptru	equ	0xFF8
   976                           intcon	equ	0xFF2
   977                           intcon2	equ	0xFF1
   978                           intcon3	equ	0xFF0
   979                           postinc0	equ	0xFEE
   980                           wreg	equ	0xFE8
   981                           indf2	equ	0xFDF
   982                           fsr2h	equ	0xFDA
   983                           fsr2l	equ	0xFD9
   984                           status	equ	0xFD8
   985                           
   986 ;; *************** function __delay_10ms *****************
   987 ;; Defined at:
   988 ;;		line 30 in file "main.c"
   989 ;; Parameters:    Size  Location     Type
   990 ;;  length          2   18[COMRAM] int 
   991 ;; Auto vars:     Size  Location     Type
   992 ;;		None
   993 ;; Return value:  Size  Location     Type
   994 ;;                  1    wreg      void 
   995 ;; Registers used:
   996 ;;		wreg, status,2, status,0
   997 ;; Tracked objects:
   998 ;;		On entry : 0/0
   999 ;;		On exit  : 0/0
  1000 ;;		Unchanged: 0/0
  1001 ;; Data sizes:     COMRAM   BANK0   BANK1   BANK2   BANK3   BANK4   BANK5   BANK6   BANK7
  1002 ;;      Params:         2       0       0       0       0       0       0       0       0
  1003 ;;      Locals:         0       0       0       0       0       0       0       0       0
  1004 ;;      Temps:          1       0       0       0       0       0       0       0       0
  1005 ;;      Totals:         3       0       0       0       0       0       0       0       0
  1006 ;;Total ram usage:        3 bytes
  1007 ;; Hardware stack levels used:    1
  1008 ;; Hardware stack levels required when called:    3
  1009 ;; This function calls:
  1010 ;;		Nothing
  1011 ;; This function is called by:
  1012 ;;		_main
  1013 ;; This function uses a non-reentrant model
  1014 ;;
  1015                           
  1016                           	psect	text9
  1017  0001DE                     __ptext9:
  1018                           	opt stack 0
  1019  0001DE                     __delay_10ms:
  1020                           	opt stack 27
  1021                           
  1022                           ;main.c: 31: while(length){
  1023                           
  1024                           ;incstack = 0
  1025  0001DE  D00A               	goto	l31
  1026  0001E0                     l1563:
  1027                           
  1028                           ;main.c: 32: _delay((unsigned long)((10)*(16000000UL/4000.0)));
  1029  0001E0  0E34               	movlw	52
  1030  0001E2  6E15               	movwf	??__delay_10ms& (0+255),c
  1031  0001E4  0EF2               	movlw	242
  1032  0001E6                     u507:
  1033  0001E6  2EE8               	decfsz	wreg,f,c
  1034  0001E8  D7FE               	bra	u507
  1035  0001EA  2E15               	decfsz	??__delay_10ms& (0+255),f,c
  1036  0001EC  D7FC               	bra	u507
  1037                           
  1038                           ;main.c: 33: length--;
  1039  0001EE  0613               	decf	__delay_10ms@length,f,c
  1040  0001F0  A0D8               	btfss	status,0,c
  1041  0001F2  0614               	decf	__delay_10ms@length+1,f,c
  1042  0001F4                     l31:
  1043  0001F4  5013               	movf	__delay_10ms@length,w,c
  1044  0001F6  1014               	iorwf	__delay_10ms@length+1,w,c
  1045  0001F8  B4D8               	btfsc	status,2,c
  1046  0001FA  0012               	return	
  1047  0001FC  D7F1               	goto	l1563
  1048  0001FE                     __end_of__delay_10ms:
  1049                           	opt stack 0
  1050                           tblptru	equ	0xFF8
  1051                           intcon	equ	0xFF2
  1052                           intcon2	equ	0xFF1
  1053                           intcon3	equ	0xFF0
  1054                           postinc0	equ	0xFEE
  1055                           wreg	equ	0xFE8
  1056                           indf2	equ	0xFDF
  1057                           fsr2h	equ	0xFDA
  1058                           fsr2l	equ	0xFD9
  1059                           status	equ	0xFD8
  1060                           
  1061 ;; *************** function _ISR *****************
  1062 ;; Defined at:
  1063 ;;		line 65 in file "main.c"
  1064 ;; Parameters:    Size  Location     Type
  1065 ;;		None
  1066 ;; Auto vars:     Size  Location     Type
  1067 ;;  status          1   17[COMRAM] unsigned char 
  1068 ;; Return value:  Size  Location     Type
  1069 ;;                  1    wreg      void 
  1070 ;; Registers used:
  1071 ;;		wreg, status,2, status,0, cstack
  1072 ;; Tracked objects:
  1073 ;;		On entry : 0/0
  1074 ;;		On exit  : 0/0
  1075 ;;		Unchanged: 0/0
  1076 ;; Data sizes:     COMRAM   BANK0   BANK1   BANK2   BANK3   BANK4   BANK5   BANK6   BANK7
  1077 ;;      Params:         0       0       0       0       0       0       0       0       0
  1078 ;;      Locals:         1       0       0       0       0       0       0       0       0
  1079 ;;      Temps:         14       0       0       0       0       0       0       0       0
  1080 ;;      Totals:        15       0       0       0       0       0       0       0       0
  1081 ;;Total ram usage:       15 bytes
  1082 ;; Hardware stack levels used:    1
  1083 ;; Hardware stack levels required when called:    2
  1084 ;; This function calls:
  1085 ;;		i2_spi_fast_shift
  1086 ;;		i2_wl_module_config_register
  1087 ;; This function is called by:
  1088 ;;		Interrupt level 2
  1089 ;; This function uses a non-reentrant model
  1090 ;;
  1091                           
  1092                           	psect	intcode
  1093  000008                     __pintcode:
  1094                           	opt stack 0
  1095  000008                     _ISR:
  1096                           	opt stack 25
  1097                           
  1098                           ;incstack = 0
  1099  000008  822C               	bsf	btemp,1,c	;set compiler interrupt flag (level 2)
  1100  00000A  CFFA F004          	movff	pclath,??_ISR
  1101  00000E  CFFB F005          	movff	pclatu,??_ISR+1
  1102  000012  CFE9 F006          	movff	fsr0l,??_ISR+2
  1103  000016  CFEA F007          	movff	fsr0h,??_ISR+3
  1104  00001A  CFE1 F008          	movff	fsr1l,??_ISR+4
  1105  00001E  CFE2 F009          	movff	fsr1h,??_ISR+5
  1106  000022  CFD9 F00A          	movff	fsr2l,??_ISR+6
  1107  000026  CFDA F00B          	movff	fsr2h,??_ISR+7
  1108  00002A  CFF3 F00C          	movff	prodl,??_ISR+8
  1109  00002E  CFF4 F00D          	movff	prodh,??_ISR+9
  1110  000032  CFF6 F00E          	movff	tblptrl,??_ISR+10
  1111  000036  CFF7 F00F          	movff	tblptrh,??_ISR+11
  1112  00003A  CFF8 F010          	movff	tblptru,??_ISR+12
  1113  00003E  CFF5 F011          	movff	tablat,??_ISR+13
  1114                           
  1115                           ;main.c: 67: if( INTCON3bits.INT2IF ){
  1116  000042  A2F0               	btfss	intcon3,1,c	;volatile
  1117  000044  D024               	goto	i2l50
  1118                           
  1119                           ;main.c: 68: unsigned char status;
  1120                           ;main.c: 71: LATBbits.LATB4 = 0;;
  1121  000046  988A               	bcf	3978,4,c	;volatile
  1122                           
  1123                           ;main.c: 72: status = spi_fast_shift(0xFF);
  1124  000048  0EFF               	movlw	255
  1125  00004A  EC46  F001         	call	i2_spi_fast_shift
  1126  00004E  6E12               	movwf	ISR@status,c
  1127                           
  1128                           ;main.c: 73: LATBbits.LATB4 = 1;;
  1129  000050  888A               	bsf	3978,4,c	;volatile
  1130                           
  1131                           ;main.c: 76: if (status & (1<<5)){
  1132  000052  AA12               	btfss	ISR@status,5,c
  1133  000054  D007               	goto	i2l1339
  1134                           
  1135                           ;main.c: 77: wl_module_config_register(0x07, (1<<5));
  1136  000056  0E20               	movlw	32
  1137  000058  6E02               	movwf	i2wl_module_config_register@value,c
  1138  00005A  0E07               	movlw	7
  1139  00005C  EC32  F001         	call	i2_wl_module_config_register
  1140                           
  1141                           ;main.c: 78: PTX=0;
  1142  000060  0E00               	movlw	0
  1143  000062  6E2B               	movwf	_PTX,c	;volatile
  1144  000064                     i2l1339:
  1145                           
  1146                           ;main.c: 79: }
  1147                           ;main.c: 81: if (status & (1<<4)){
  1148  000064  A812               	btfss	ISR@status,4,c
  1149  000066  D00B               	goto	i2l1349
  1150                           
  1151                           ;main.c: 82: wl_module_config_register(0x07, (1<<4));
  1152  000068  0E10               	movlw	16
  1153  00006A  6E02               	movwf	i2wl_module_config_register@value,c
  1154  00006C  0E07               	movlw	7
  1155  00006E  EC32  F001         	call	i2_wl_module_config_register
  1156                           
  1157                           ;main.c: 83: LATBbits.LATB3 = 1;;
  1158  000072  868A               	bsf	3978,3,c	;volatile
  1159                           
  1160                           ;main.c: 84: _delay((unsigned long)((10)*(16000000UL/4000000.0)));
  1161  000074  0E0D               	movlw	13
  1162  000076                     i2u51_47:
  1163  000076  2EE8               	decfsz	wreg,f,c
  1164  000078  D7FE               	bra	i2u51_47
  1165  00007A  F000               	nop	
  1166                           
  1167                           ;main.c: 85: LATBbits.LATB3 = 0;;
  1168  00007C  968A               	bcf	3978,3,c	;volatile
  1169  00007E                     i2l1349:
  1170                           
  1171                           ;main.c: 86: }
  1172                           ;main.c: 88: if (status & (1<<0)){
  1173  00007E  A012               	btfss	ISR@status,0,c
  1174  000080  D005               	goto	i2l1357
  1175                           
  1176                           ;main.c: 89: LATBbits.LATB4 = 0;;
  1177  000082  988A               	bcf	3978,4,c	;volatile
  1178                           
  1179                           ;main.c: 90: spi_fast_shift(0xE1);
  1180  000084  0EE1               	movlw	225
  1181  000086  EC46  F001         	call	i2_spi_fast_shift
  1182                           
  1183                           ;main.c: 91: LATBbits.LATB4 = 1;;
  1184  00008A  888A               	bsf	3978,4,c	;volatile
  1185  00008C                     i2l1357:
  1186                           
  1187                           ;main.c: 92: }
  1188                           ;main.c: 94: INTCON3bits.INT2IF = 0;
  1189  00008C  92F0               	bcf	intcon3,1,c	;volatile
  1190  00008E                     i2l50:
  1191  00008E  C011  FFF5         	movff	??_ISR+13,tablat
  1192  000092  C010  FFF8         	movff	??_ISR+12,tblptru
  1193  000096  C00F  FFF7         	movff	??_ISR+11,tblptrh
  1194  00009A  C00E  FFF6         	movff	??_ISR+10,tblptrl
  1195  00009E  C00D  FFF4         	movff	??_ISR+9,prodh
  1196  0000A2  C00C  FFF3         	movff	??_ISR+8,prodl
  1197  0000A6  C00B  FFDA         	movff	??_ISR+7,fsr2h
  1198  0000AA  C00A  FFD9         	movff	??_ISR+6,fsr2l
  1199  0000AE  C009  FFE2         	movff	??_ISR+5,fsr1h
  1200  0000B2  C008  FFE1         	movff	??_ISR+4,fsr1l
  1201  0000B6  C007  FFEA         	movff	??_ISR+3,fsr0h
  1202  0000BA  C006  FFE9         	movff	??_ISR+2,fsr0l
  1203  0000BE  C005  FFFB         	movff	??_ISR+1,pclatu
  1204  0000C2  C004  FFFA         	movff	??_ISR,pclath
  1205  0000C6  922C               	bcf	btemp,1,c	;clear compiler interrupt flag (level 2)
  1206  0000C8  0011               	retfie		f
  1207  0000CA                     __end_of_ISR:
  1208                           	opt stack 0
  1209                           pclatu	equ	0xFFB
  1210                           pclath	equ	0xFFA
  1211                           tblptru	equ	0xFF8
  1212                           tblptrh	equ	0xFF7
  1213                           tblptrl	equ	0xFF6
  1214                           tablat	equ	0xFF5
  1215                           prodh	equ	0xFF4
  1216                           prodl	equ	0xFF3
  1217                           intcon	equ	0xFF2
  1218                           intcon2	equ	0xFF1
  1219                           intcon3	equ	0xFF0
  1220                           postinc0	equ	0xFEE
  1221                           fsr0h	equ	0xFEA
  1222                           fsr0l	equ	0xFE9
  1223                           wreg	equ	0xFE8
  1224                           fsr1h	equ	0xFE2
  1225                           fsr1l	equ	0xFE1
  1226                           indf2	equ	0xFDF
  1227                           fsr2h	equ	0xFDA
  1228                           fsr2l	equ	0xFD9
  1229                           status	equ	0xFD8
  1230                           
  1231 ;; *************** function i2_wl_module_config_register *****************
  1232 ;; Defined at:
  1233 ;;		line 417 in file "wl_module.c"
  1234 ;; Parameters:    Size  Location     Type
  1235 ;;  reg             1    wreg     unsigned char 
  1236 ;;  value           1    1[COMRAM] unsigned char 
  1237 ;; Auto vars:     Size  Location     Type
  1238 ;;  reg             1    2[COMRAM] unsigned char 
  1239 ;; Return value:  Size  Location     Type
  1240 ;;                  1    wreg      void 
  1241 ;; Registers used:
  1242 ;;		wreg, status,2, status,0, cstack
  1243 ;; Tracked objects:
  1244 ;;		On entry : 0/0
  1245 ;;		On exit  : 0/0
  1246 ;;		Unchanged: 0/0
  1247 ;; Data sizes:     COMRAM   BANK0   BANK1   BANK2   BANK3   BANK4   BANK5   BANK6   BANK7
  1248 ;;      Params:         1       0       0       0       0       0       0       0       0
  1249 ;;      Locals:         1       0       0       0       0       0       0       0       0
  1250 ;;      Temps:          0       0       0       0       0       0       0       0       0
  1251 ;;      Totals:         2       0       0       0       0       0       0       0       0
  1252 ;;Total ram usage:        2 bytes
  1253 ;; Hardware stack levels used:    1
  1254 ;; Hardware stack levels required when called:    1
  1255 ;; This function calls:
  1256 ;;		i2_spi_fast_shift
  1257 ;; This function is called by:
  1258 ;;		_ISR
  1259 ;; This function uses a non-reentrant model
  1260 ;;
  1261                           
  1262                           	psect	text11
  1263  000264                     __ptext11:
  1264                           	opt stack 0
  1265  000264                     i2_wl_module_config_register:
  1266                           	opt stack 25
  1267                           
  1268                           ;incstack = 0
  1269                           ;i2wl_module_config_register@reg stored from wreg
  1270  000264  6E03               	movwf	i2wl_module_config_register@reg,c
  1271                           
  1272                           ;wl_module.c: 420: LATBbits.LATB4 = 0;;
  1273  000266  988A               	bcf	3978,4,c	;volatile
  1274                           
  1275                           ;wl_module.c: 421: spi_fast_shift(0x20 | (0x1F & reg));
  1276  000268  5003               	movf	i2wl_module_config_register@reg,w,c
  1277  00026A  0B1F               	andlw	31
  1278  00026C  0920               	iorlw	32
  1279  00026E  EC46  F001         	call	i2_spi_fast_shift
  1280                           
  1281                           ;wl_module.c: 422: spi_fast_shift(value);
  1282  000272  5002               	movf	i2wl_module_config_register@value,w,c
  1283  000274  EC46  F001         	call	i2_spi_fast_shift
  1284                           
  1285                           ;wl_module.c: 423: LATBbits.LATB4 = 1;;
  1286  000278  888A               	bsf	3978,4,c	;volatile
  1287  00027A  0012               	return		;funcret
  1288  00027C                     __end_ofi2_wl_module_config_register:
  1289                           	opt stack 0
  1290                           pclatu	equ	0xFFB
  1291                           pclath	equ	0xFFA
  1292                           tblptru	equ	0xFF8
  1293                           tblptrh	equ	0xFF7
  1294                           tblptrl	equ	0xFF6
  1295                           tablat	equ	0xFF5
  1296                           prodh	equ	0xFF4
  1297                           prodl	equ	0xFF3
  1298                           intcon	equ	0xFF2
  1299                           intcon2	equ	0xFF1
  1300                           intcon3	equ	0xFF0
  1301                           postinc0	equ	0xFEE
  1302                           fsr0h	equ	0xFEA
  1303                           fsr0l	equ	0xFE9
  1304                           wreg	equ	0xFE8
  1305                           fsr1h	equ	0xFE2
  1306                           fsr1l	equ	0xFE1
  1307                           indf2	equ	0xFDF
  1308                           fsr2h	equ	0xFDA
  1309                           fsr2l	equ	0xFD9
  1310                           status	equ	0xFD8
  1311                           
  1312 ;; *************** function i2_spi_fast_shift *****************
  1313 ;; Defined at:
  1314 ;;		line 62 in file "spi.c"
  1315 ;; Parameters:    Size  Location     Type
  1316 ;;  data            1    wreg     unsigned char 
  1317 ;; Auto vars:     Size  Location     Type
  1318 ;;  data            1    0[COMRAM] unsigned char 
  1319 ;; Return value:  Size  Location     Type
  1320 ;;                  1    wreg      unsigned char 
  1321 ;; Registers used:
  1322 ;;		wreg, status,2
  1323 ;; Tracked objects:
  1324 ;;		On entry : 0/0
  1325 ;;		On exit  : 0/0
  1326 ;;		Unchanged: 0/0
  1327 ;; Data sizes:     COMRAM   BANK0   BANK1   BANK2   BANK3   BANK4   BANK5   BANK6   BANK7
  1328 ;;      Params:         0       0       0       0       0       0       0       0       0
  1329 ;;      Locals:         1       0       0       0       0       0       0       0       0
  1330 ;;      Temps:          0       0       0       0       0       0       0       0       0
  1331 ;;      Totals:         1       0       0       0       0       0       0       0       0
  1332 ;;Total ram usage:        1 bytes
  1333 ;; Hardware stack levels used:    1
  1334 ;; This function calls:
  1335 ;;		Nothing
  1336 ;; This function is called by:
  1337 ;;		_ISR
  1338 ;;		i2_wl_module_config_register
  1339 ;; This function uses a non-reentrant model
  1340 ;;
  1341                           
  1342                           	psect	text12
  1343  00028C                     __ptext12:
  1344                           	opt stack 0
  1345  00028C                     i2_spi_fast_shift:
  1346                           	opt stack 25
  1347                           
  1348                           ;incstack = 0
  1349                           ;i2spi_fast_shift@data stored from wreg
  1350  00028C  6E01               	movwf	i2spi_fast_shift@data,c
  1351                           
  1352                           ;spi.c: 63: SSP1BUF = data;
  1353  00028E  C001  FFC9         	movff	i2spi_fast_shift@data,4041	;volatile
  1354  000292                     i2l90:
  1355  000292  A69E               	btfss	3998,3,c	;volatile
  1356  000294  D7FE               	goto	i2l90
  1357                           
  1358                           ;spi.c: 65: PIR1bits.SSP1IF = 0;
  1359  000296  969E               	bcf	3998,3,c	;volatile
  1360                           
  1361                           ;spi.c: 66: return SSP1BUF;
  1362  000298  50C9               	movf	4041,w,c	;volatile
  1363  00029A  0012               	return		;funcret
  1364  00029C                     __end_ofi2_spi_fast_shift:
  1365                           	opt stack 0
  1366  0000                     pclatu	equ	0xFFB
  1367                           pclath	equ	0xFFA
  1368                           tblptru	equ	0xFF8
  1369                           tblptrh	equ	0xFF7
  1370                           tblptrl	equ	0xFF6
  1371                           tablat	equ	0xFF5
  1372                           prodh	equ	0xFF4
  1373                           prodl	equ	0xFF3
  1374                           intcon	equ	0xFF2
  1375                           intcon2	equ	0xFF1
  1376                           intcon3	equ	0xFF0
  1377                           postinc0	equ	0xFEE
  1378                           fsr0h	equ	0xFEA
  1379                           fsr0l	equ	0xFE9
  1380                           wreg	equ	0xFE8
  1381                           fsr1h	equ	0xFE2
  1382                           fsr1l	equ	0xFE1
  1383                           indf2	equ	0xFDF
  1384                           fsr2h	equ	0xFDA
  1385                           fsr2l	equ	0xFD9
  1386                           status	equ	0xFD8
  1387                           pclatu	equ	0xFFB
  1388                           pclath	equ	0xFFA
  1389                           tblptru	equ	0xFF8
  1390                           tblptrh	equ	0xFF7
  1391                           tblptrl	equ	0xFF6
  1392                           tablat	equ	0xFF5
  1393                           prodh	equ	0xFF4
  1394                           prodl	equ	0xFF3
  1395                           intcon	equ	0xFF2
  1396                           intcon2	equ	0xFF1
  1397                           intcon3	equ	0xFF0
  1398                           postinc0	equ	0xFEE
  1399                           fsr0h	equ	0xFEA
  1400                           fsr0l	equ	0xFE9
  1401                           wreg	equ	0xFE8
  1402                           fsr1h	equ	0xFE2
  1403                           fsr1l	equ	0xFE1
  1404                           indf2	equ	0xFDF
  1405                           fsr2h	equ	0xFDA
  1406                           fsr2l	equ	0xFD9
  1407                           status	equ	0xFD8
  1408                           
  1409                           	psect	rparam
  1410  0000                     pclatu	equ	0xFFB
  1411                           pclath	equ	0xFFA
  1412                           tblptru	equ	0xFF8
  1413                           tblptrh	equ	0xFF7
  1414                           tblptrl	equ	0xFF6
  1415                           tablat	equ	0xFF5
  1416                           prodh	equ	0xFF4
  1417                           prodl	equ	0xFF3
  1418                           intcon	equ	0xFF2
  1419                           intcon2	equ	0xFF1
  1420                           intcon3	equ	0xFF0
  1421                           postinc0	equ	0xFEE
  1422                           fsr0h	equ	0xFEA
  1423                           fsr0l	equ	0xFE9
  1424                           wreg	equ	0xFE8
  1425                           fsr1h	equ	0xFE2
  1426                           fsr1l	equ	0xFE1
  1427                           indf2	equ	0xFDF
  1428                           fsr2h	equ	0xFDA
  1429                           fsr2l	equ	0xFD9
  1430                           status	equ	0xFD8
  1431                           
  1432                           	psect	temp
  1433  00002C                     btemp:
  1434                           	opt stack 0
  1435  00002C                     	ds	1
  1436  0000                     int$flags	set	btemp
  1437                           pclatu	equ	0xFFB
  1438                           pclath	equ	0xFFA
  1439                           tblptru	equ	0xFF8
  1440                           tblptrh	equ	0xFF7
  1441                           tblptrl	equ	0xFF6
  1442                           tablat	equ	0xFF5
  1443                           prodh	equ	0xFF4
  1444                           prodl	equ	0xFF3
  1445                           intcon	equ	0xFF2
  1446                           intcon2	equ	0xFF1
  1447                           intcon3	equ	0xFF0
  1448                           postinc0	equ	0xFEE
  1449                           fsr0h	equ	0xFEA
  1450                           fsr0l	equ	0xFE9
  1451                           wreg	equ	0xFE8
  1452                           fsr1h	equ	0xFE2
  1453                           fsr1l	equ	0xFE1
  1454                           indf2	equ	0xFDF
  1455                           fsr2h	equ	0xFDA
  1456                           fsr2l	equ	0xFD9
  1457                           status	equ	0xFD8


Data Sizes:
    Strings     0
    Constant    0
    Data        0
    BSS         16
    Persistent  0
    Stack       0

Auto Spaces:
    Space          Size  Autos    Used
    COMRAM           94     27      43
    BANK0           160     34      34
    BANK1           256      0       0
    BANK2           256      0       0
    BANK3           256      0       0
    BANK4           256      0       0
    BANK5           256      0       0
    BANK6           256      0       0
    BANK7           256      0       0

Pointer List with Targets:

    wl_module_get_data@data	PTR unsigned char  size(2) Largest target is 32
		 -> main@payload(BANK0[32]), 

    spi_transfer_sync@datain	PTR unsigned char  size(2) Largest target is 32
		 -> wl_module_get_arc_cnt@data(COMRAM[1]), wl_module_get_plos_cnt@data(COMRAM[1]), wl_module_get_rf_setup@data(COMRAM[1]), wl_module_get_rf_ch@data(COMRAM[1]), 
		 -> wl_module_fifo_rx_empty@data(COMRAM[1]), wl_module_fifo_tx_empty@data(COMRAM[1]), wl_module_get_rx_pw@data(COMRAM[1]), wl_module_power_down@config(COMRAM[1]), 
		 -> wl_module_set_as_tx@config(COMRAM[1]), main@payload(BANK0[32]), 

    spi_transfer_sync@dataout	PTR unsigned char  size(2) Largest target is 32
		 -> wl_module_get_arc_cnt@data(COMRAM[1]), wl_module_get_plos_cnt@data(COMRAM[1]), wl_module_get_rf_setup@data(COMRAM[1]), wl_module_get_rf_ch@data(COMRAM[1]), 
		 -> wl_module_fifo_rx_empty@data(COMRAM[1]), wl_module_fifo_tx_empty@data(COMRAM[1]), wl_module_get_rx_pw@data(COMRAM[1]), wl_module_power_down@config(COMRAM[1]), 
		 -> wl_module_set_as_tx@config(COMRAM[1]), main@payload(BANK0[32]), 


Critical Paths under _main in COMRAM

    _main->_wl_module_get_data
    _wl_module_get_data->_spi_transfer_sync
    _wl_module_data_ready->_spi_fast_shift
    _wl_module_config->_wl_module_config_register
    _wl_module_config_register->_spi_fast_shift

Critical Paths under _ISR in COMRAM

    _ISR->i2_wl_module_config_register
    i2_wl_module_config_register->i2_spi_fast_shift

Critical Paths under _main in BANK0

    None.

Critical Paths under _ISR in BANK0

    None.

Critical Paths under _main in BANK1

    None.

Critical Paths under _ISR in BANK1

    None.

Critical Paths under _main in BANK2

    None.

Critical Paths under _ISR in BANK2

    None.

Critical Paths under _main in BANK3

    None.

Critical Paths under _ISR in BANK3

    None.

Critical Paths under _main in BANK4

    None.

Critical Paths under _ISR in BANK4

    None.

Critical Paths under _main in BANK5

    None.

Critical Paths under _ISR in BANK5

    None.

Critical Paths under _main in BANK6

    None.

Critical Paths under _ISR in BANK6

    None.

Critical Paths under _main in BANK7

    None.

Critical Paths under _ISR in BANK7

    None.

Call Graph Tables:

 ---------------------------------------------------------------------------------
 (Depth) Function   	        Calls       Base Space   Used Autos Params    Refs
 ---------------------------------------------------------------------------------
 (0) _main                                                34    34      0    4596
                                              0 BANK0     34    34      0
                        __delay_10ms
                   _wl_module_config
               _wl_module_data_ready
                 _wl_module_get_data
                     _wl_module_init
 ---------------------------------------------------------------------------------
 (1) _wl_module_init                                       0     0      0       0
                           _spi_init
 ---------------------------------------------------------------------------------
 (2) _spi_init                                             0     0      0       0
 ---------------------------------------------------------------------------------
 (1) _wl_module_get_data                                   3     1      2    2544
                                             24 COMRAM     3     1      2
                     _spi_fast_shift
                  _spi_transfer_sync
          _wl_module_config_register
 ---------------------------------------------------------------------------------
 (2) _spi_transfer_sync                                    6     0      6     564
                                             18 COMRAM     6     0      6
 ---------------------------------------------------------------------------------
 (1) _wl_module_data_ready                                 1     1      0      45
                                             19 COMRAM     1     1      0
                     _spi_fast_shift
 ---------------------------------------------------------------------------------
 (1) _wl_module_config                                     0     0      0    1785
          _wl_module_config_register
 ---------------------------------------------------------------------------------
 (2) _wl_module_config_register                            2     1      1    1785
                                             19 COMRAM     2     1      1
                     _spi_fast_shift
 ---------------------------------------------------------------------------------
 (3) _spi_fast_shift                                       1     1      0      22
                                             18 COMRAM     1     1      0
 ---------------------------------------------------------------------------------
 (1) __delay_10ms                                          3     1      2     111
                                             18 COMRAM     3     1      2
 ---------------------------------------------------------------------------------
 Estimated maximum stack depth 3
 ---------------------------------------------------------------------------------
 (Depth) Function   	        Calls       Base Space   Used Autos Params    Refs
 ---------------------------------------------------------------------------------
 (4) _ISR                                                 15    15      0     207
                                              3 COMRAM    15    15      0
                   i2_spi_fast_shift
        i2_wl_module_config_register
 ---------------------------------------------------------------------------------
 (5) i2_wl_module_config_register                          2     1      1     118
                                              1 COMRAM     2     1      1
                   i2_spi_fast_shift
 ---------------------------------------------------------------------------------
 (6) i2_spi_fast_shift                                     1     1      0      22
                                              0 COMRAM     1     1      0
 ---------------------------------------------------------------------------------
 Estimated maximum stack depth 6
 ---------------------------------------------------------------------------------

 Call Graph Graphs:

 _main (ROOT)
   __delay_10ms
   _wl_module_config
     _wl_module_config_register
       _spi_fast_shift
   _wl_module_data_ready
     _spi_fast_shift
   _wl_module_get_data
     _spi_fast_shift
     _spi_transfer_sync
     _wl_module_config_register
       _spi_fast_shift
   _wl_module_init
     _spi_init

 _ISR (ROOT)
   i2_spi_fast_shift
   i2_wl_module_config_register
     i2_spi_fast_shift

 Address spaces:
Name               Size   Autos  Total    Cost      Usage
BIGRAM             7FF      0       0      21        0.0%
EEDATA             100      0       0       0        0.0%
BITBANK7           100      0       0      19        0.0%
BANK7              100      0       0      20        0.0%
BITBANK6           100      0       0      17        0.0%
BANK6              100      0       0      18        0.0%
BITBANK5           100      0       0      15        0.0%
BANK5              100      0       0      16        0.0%
BITBANK4           100      0       0      13        0.0%
BANK4              100      0       0      14        0.0%
BITBANK3           100      0       0      11        0.0%
BANK3              100      0       0      12        0.0%
BITBANK2           100      0       0       9        0.0%
BANK2              100      0       0      10        0.0%
BITBANK1           100      0       0       7        0.0%
BANK1              100      0       0       8        0.0%
BITBANK0            A0      0       0       4        0.0%
BANK0               A0     22      22       5       21.3%
BITCOMRAM           5E      0       0       0        0.0%
COMRAM              5E     1B      2B       1       45.7%
BITSFR_1             0      0       0     200        0.0%
SFR_1                0      0       0     200        0.0%
BITSFR               0      0       0     200        0.0%
SFR                  0      0       0     200        0.0%
STACK                0      0       0       2        0.0%
NULL                 0      0       0       0        0.0%
ABS                  0      0      4D       6        0.0%
DATA                 0      0      4D       3        0.0%
CODE                 0      0       0       0        0.0%


Microchip Technology PIC18 Macro Assembler V1.40 build -251452761 
Symbol Table                                                                                   Wed May 24 19:46:11 2017

                __size_of__delay_10ms 0020                                    l31 01F4  
                                  l90 0282                                    l83 012E  
                                 l197 0208                                   u507 01E6  
                                 _ISR 0008                                   _PTX 002B  
                                 wreg 000FE8                                  ?_ISR 0001  
                                l1623 00F4                                  l1563 01E0  
                                l1549 0122                                  l1559 014E  
                                _LATD 000F8C                                  i2l50 008E  
                                i2l90 0292                         __CFG_FCMEN$ON 000000  
                      _wl_module_init 0234                           main@payload 0060  
                                _main 00CE                                  fsr0h 000FEA  
                                fsr1h 000FE2                                  fsr2h 000FDA  
                                fsr0l 000FE9                                  indf2 000FDF  
                                fsr1l 000FE1                                  fsr2l 000FD9  
                                btemp 002C                         __CFG_BORV$190 000000  
                         main@zaehler 0081                                  prodh 000FF4  
                                prodl 000FF3                                  start 00CA  
                       __CFG_IESO$OFF 000000                          ___param_bank 000000  
                               ??_ISR 0004          ?i2_wl_module_config_register 0002  
           _wl_module_config_register 024C                                 ?_main 0001  
                               _TRISD 000F95                __end_of_wl_module_init 024C  
                               pclath 000FFA                                 tablat 000FF5  
                               status 000FD8                  _wl_module_data_ready 01FE  
                     __initialization 021A                          __end_of_main 0120  
                   ?i2_spi_fast_shift 0001                    ??i2_spi_fast_shift 0001  
       ??i2_wl_module_config_register 0003                                ??_main 001C  
                       __activetblptr 000002                    spi_fast_shift@data 0013  
         __size_of_wl_module_get_data 0036                      ??_spi_fast_shift 0013  
            spi_transfer_sync@dataout 0013                       ?_wl_module_init 0001  
                              i2l1339 0064                                i2l1357 008C  
                              i2l1349 007E                        __CFG_WDTEN$OFF 000000  
               ?_wl_module_data_ready 0001                      _wl_module_config 018E  
                              clear_0 0220                        main@nRF_status 0080  
                              tblptrh 000FF7                                tblptrl 000FF6  
                              tblptru 000FF8                      __end_of_spi_init 01DE  
                          __accesstop 0060               __end_of__initialization 0226  
                       ___rparam_used 000001                        __pcstackCOMRAM 0001  
  __size_of_wl_module_config_register 0018            wl_module_data_ready@status 0014  
              ??_wl_module_data_ready 0014                             ISR@status 0012  
                       ??__delay_10ms 0015                               i2u51_47 0076  
                             _SSP1BUF 000FC9     __end_of_wl_module_config_register 0264  
                             __Hparam 0000              wl_module_get_data@status 001B  
                             __Lparam 0000                             ?_spi_init 0001  
                             __pcinit 021A                               __ramtop 0800  
                 __end_of__delay_10ms 01FE                               __ptext0 00CE  
                             __ptext1 0234                               __ptext2 01BE  
                             __ptext3 0158                               __ptext4 0120  
                             __ptext5 01FE                               __ptext6 018E  
                             __ptext7 024C                               __ptext8 027C  
                             __ptext9 01DE                          __size_of_ISR 00C2  
                    ??_wl_module_init 0013              __end_of_wl_module_config 01BE  
           __size_ofi2_spi_fast_shift 0010                  end_of_initialization 0226  
                       __Lmediumconst 0000                            ??_spi_init 0013  
                             postinc0 000FEE                    __delay_10ms@length 0013  
        wl_module_config_register@reg 0015            __end_of_wl_module_get_data 018E  
                           _TRISAbits 000F92                             _TRISBbits 000F93  
                           _TRISCbits 000F94                           __delay_10ms 01DE  
 __end_ofi2_wl_module_config_register 027C           i2_wl_module_config_register 0264  
                 start_initialization 021A                           __end_of_ISR 00CA  
                i2spi_fast_shift@data 0001               spi_transfer_sync@datain 0015  
             spi_transfer_sync@length 0017                wl_module_get_data@data 0019  
             __size_of_spi_fast_shift 0010                     _spi_transfer_sync 0120  
                  ?_spi_transfer_sync 0013                           __pbssCOMRAM 001C  
                       __pcstackBANK0 0060                   ??_spi_transfer_sync 0019  
                    i2_spi_fast_shift 028C         __size_of_wl_module_data_ready 001C  
           __end_of_spi_transfer_sync 0158                             __pintcode 0008  
                   __size_of_spi_init 0020                     ?_wl_module_config 0001  
                  ??_wl_module_config 0016            ?_wl_module_config_register 0014  
                            _LATBbits 000F8A        wl_module_config_register@value 0014  
    i2wl_module_config_register@value 0002                              _PIR1bits 000F9E  
                     _received_string 001C                           _INTCON2bits 000FF1  
                         _INTCON3bits 000FF0        i2wl_module_config_register@reg 0003  
                  _wl_module_get_data 0158                              __Hrparam 0000  
                      _spi_fast_shift 027C                              __Lrparam 0000  
                        ?__delay_10ms 0013            __size_of_spi_transfer_sync 0038  
                  __CFG_BOREN$SBORDIS 000000                   ?_wl_module_get_data 0019  
                          _ANSELBbits 000F5C  __size_ofi2_wl_module_config_register 0018  
                            __ptext11 0264                              __ptext12 028C  
                        _SSP1CON1bits 000FC6                  ??_wl_module_get_data 001B  
             __size_of_wl_module_init 0018                         __size_of_main 0052  
              __end_of_spi_fast_shift 028C              __end_ofi2_spi_fast_shift 029C  
                            _spi_init 01BE                              int$flags 002C  
                        _SSP1STATbits 000FC7                            _INTCONbits 000FF2  
                            intlevel2 0000                       ?_spi_fast_shift 0001  
        __end_of_wl_module_data_ready 021A           ??_wl_module_config_register 0015  
           __size_of_wl_module_config 0030  
